DEBUG:root:<LTRect 47.151,581.764,549.831,590.644>
DEBUG:root:<LTRect 549.711,581.764,744.471,590.644>
DEBUG:root:<LTRect 47.151,514.084,549.831,581.885>
DEBUG:root:<LTRect 549.711,514.084,744.471,581.885>
DEBUG:root:<LTRect 47.151,479.284,744.471,514.204>
DEBUG:root:<LTRect 47.151,467.884,744.471,479.404>
DEBUG:root:<LTRect 47.151,456.484,701.031,468.004>
DEBUG:root:<LTRect 47.151,419.884,744.471,431.404>
DEBUG:root:<LTRect 155.991,408.484,269.151,420.004>
DEBUG:root:<LTRect 320.871,408.484,376.071,420.004>
DEBUG:root:<LTRect 426.591,408.484,614.631,420.004>
DEBUG:root:<LTRect 47.151,303.484,744.471,315.004>
DEBUG:root:<LTRect 47.151,292.084,662.031,303.604>
DEBUG:root:<LTRect 269.031,280.684,320.991,292.204>
DEBUG:root:<LTRect 375.951,280.684,426.711,292.204>
DEBUG:root:<LTRect 269.031,267.364,320.991,280.804>
DEBUG:root:<LTRect 375.951,267.364,426.711,280.804>
DEBUG:root:<LTRect 269.031,255.964,320.991,267.484>
DEBUG:root:<LTRect 375.951,255.964,426.711,267.484>
DEBUG:root:<LTRect 269.031,244.564,320.991,256.084>
DEBUG:root:<LTRect 375.951,244.564,426.711,256.084>
DEBUG:root:<LTRect 269.031,232.684,320.991,244.684>
DEBUG:root:<LTRect 375.951,232.684,426.711,244.684>
DEBUG:root:<LTRect 47.151,221.284,744.471,232.804>
DEBUG:root:<LTRect 47.151,137.164,744.471,148.684>
DEBUG:root:<LTRect 155.991,125.764,269.151,137.284>
DEBUG:root:<LTRect 320.871,125.764,376.071,137.284>
DEBUG:root:<LTRect 426.591,125.764,614.631,137.284>
DEBUG:root:<LTRect 47.151,79.204,744.471,90.724>
DEBUG:root:<LTRect 549.471,514.684,549.951,590.644>
DEBUG:root:<LTRect 614.271,514.684,614.751,581.644>
DEBUG:root:<LTRect 661.671,514.684,662.151,581.644>
DEBUG:root:<LTRect 700.671,514.684,701.151,581.644>
DEBUG:root:<LTRect 155.751,479.884,156.232,513.724>
DEBUG:root:<LTRect 206.871,479.884,207.352,513.724>
DEBUG:root:<LTRect 268.791,479.884,269.272,504.364>
DEBUG:root:<LTRect 320.631,479.884,321.112,504.364>
DEBUG:root:<LTRect 375.711,479.884,376.192,504.364>
DEBUG:root:<LTRect 426.351,479.884,426.831,513.724>
DEBUG:root:<LTRect 497.991,479.884,498.471,513.724>
DEBUG:root:<LTRect 549.471,479.884,549.951,513.724>
DEBUG:root:<LTRect 614.271,479.884,614.751,513.724>
DEBUG:root:<LTRect 661.671,479.884,662.151,513.724>
DEBUG:root:<LTRect 700.671,479.884,701.151,513.724>
DEBUG:root:<LTRect 155.751,431.884,156.232,467.524>
DEBUG:root:<LTRect 206.871,431.884,207.352,467.524>
DEBUG:root:<LTRect 268.791,431.884,269.272,467.524>
DEBUG:root:<LTRect 320.631,431.884,321.112,467.524>
DEBUG:root:<LTRect 375.711,431.884,376.192,467.524>
DEBUG:root:<LTRect 426.351,431.884,426.831,467.524>
DEBUG:root:<LTRect 497.991,431.884,498.471,467.524>
DEBUG:root:<LTRect 549.471,431.884,549.951,467.524>
DEBUG:root:<LTRect 614.271,431.884,614.751,467.524>
DEBUG:root:<LTRect 661.671,431.884,662.151,467.524>
DEBUG:root:<LTRect 700.671,431.884,701.151,467.524>
DEBUG:root:<LTRect 155.751,315.484,156.232,419.524>
DEBUG:root:<LTRect 206.871,315.484,207.352,419.524>
DEBUG:root:<LTRect 268.791,315.484,269.272,419.524>
DEBUG:root:<LTRect 320.631,315.484,321.112,419.524>
DEBUG:root:<LTRect 375.711,315.484,376.192,419.524>
DEBUG:root:<LTRect 426.351,315.484,426.831,419.524>
DEBUG:root:<LTRect 497.991,315.484,498.471,419.524>
DEBUG:root:<LTRect 549.471,315.484,549.951,419.524>
DEBUG:root:<LTRect 614.271,315.484,614.751,419.524>
DEBUG:root:<LTRect 661.671,315.484,662.151,419.524>
DEBUG:root:<LTRect 700.671,315.484,701.151,419.524>
DEBUG:root:<LTRect 155.751,233.284,156.232,303.124>
DEBUG:root:<LTRect 206.871,233.284,207.352,303.124>
DEBUG:root:<LTRect 268.791,233.284,269.272,303.124>
DEBUG:root:<LTRect 320.631,233.284,321.112,303.124>
DEBUG:root:<LTRect 375.711,233.284,376.192,303.124>
DEBUG:root:<LTRect 426.351,233.284,426.831,303.124>
DEBUG:root:<LTRect 497.991,233.284,498.471,303.124>
DEBUG:root:<LTRect 549.471,233.284,549.951,303.124>
DEBUG:root:<LTRect 614.271,233.284,614.751,303.124>
DEBUG:root:<LTRect 661.671,233.284,662.151,303.124>
DEBUG:root:<LTRect 700.671,233.284,701.151,303.124>
DEBUG:root:<LTRect 46.191,136.804,47.151,591.605>
DEBUG:root:<LTRect 155.751,149.164,156.232,220.924>
DEBUG:root:<LTRect 206.871,149.164,207.352,220.924>
DEBUG:root:<LTRect 268.791,149.164,269.272,220.924>
DEBUG:root:<LTRect 320.631,149.164,321.112,220.924>
DEBUG:root:<LTRect 375.711,149.164,376.192,220.924>
DEBUG:root:<LTRect 426.351,149.164,426.831,220.924>
DEBUG:root:<LTRect 497.991,149.164,498.471,220.924>
DEBUG:root:<LTRect 549.471,149.164,549.951,220.924>
DEBUG:root:<LTRect 614.271,149.164,614.751,220.924>
DEBUG:root:<LTRect 661.671,149.164,662.151,220.924>
DEBUG:root:<LTRect 700.671,149.164,701.151,220.924>
DEBUG:root:<LTRect 46.431,116.164,46.911,136.804>
DEBUG:root:<LTRect 155.751,91.204,156.232,136.803>
DEBUG:root:<LTRect 206.871,91.204,207.352,136.803>
DEBUG:root:<LTRect 268.791,91.204,269.272,136.803>
DEBUG:root:<LTRect 320.631,91.204,321.112,136.803>
DEBUG:root:<LTRect 375.711,91.204,376.192,136.803>
DEBUG:root:<LTRect 426.351,91.204,426.831,136.803>
DEBUG:root:<LTRect 497.991,91.204,498.471,136.803>
DEBUG:root:<LTRect 549.471,91.204,549.951,136.803>
DEBUG:root:<LTRect 614.271,91.204,614.751,136.803>
DEBUG:root:<LTRect 661.671,91.204,662.151,136.803>
DEBUG:root:<LTRect 700.671,91.204,701.151,136.803>
DEBUG:root:<LTRect 46.191,56.284,47.151,116.164>
DEBUG:root:<LTRect 549.471,56.284,549.951,78.843>
DEBUG:root:<LTRect 743.871,56.284,744.831,590.644>
DEBUG:root:<LTRect 614.271,56.284,614.751,78.843>
DEBUG:root:<LTRect 661.671,56.284,662.151,78.843>
DEBUG:root:<LTRect 700.671,56.284,701.151,78.843>
DEBUG:root:<LTRect 155.751,56.284,156.232,78.843>
DEBUG:root:<LTRect 206.871,56.284,207.352,78.843>
DEBUG:root:<LTRect 426.351,56.284,426.831,78.843>
DEBUG:root:<LTRect 497.991,56.284,498.471,78.843>
DEBUG:root:<LTRect 268.791,56.284,269.272,78.843>
DEBUG:root:<LTRect 320.631,56.284,321.112,78.843>
DEBUG:root:<LTRect 375.711,56.284,376.192,78.843>
DEBUG:root:<LTRect 47.151,590.644,744.831,591.604>
DEBUG:root:<LTRect 549.951,581.644,743.871,582.124>
DEBUG:root:<LTRect 614.751,572.404,743.871,572.885>
DEBUG:root:<LTRect 614.751,563.164,743.871,563.644>
DEBUG:root:<LTRect 614.751,553.924,743.871,554.404>
DEBUG:root:<LTRect 614.751,544.684,743.871,545.165>
DEBUG:root:<LTRect 614.751,535.444,743.871,535.924>
DEBUG:root:<LTRect 614.751,526.204,743.871,526.684>
DEBUG:root:<LTRect 47.151,513.724,744.831,514.684>
DEBUG:root:<LTRect 207.351,504.364,426.830,504.845>
DEBUG:root:<LTRect 47.151,478.924,744.831,479.883>
DEBUG:root:<LTRect 47.151,467.524,744.831,468.484>
DEBUG:root:<LTRect 47.151,456.364,743.871,456.844>
DEBUG:root:<LTRect 47.151,443.044,743.871,443.524>
DEBUG:root:<LTRect 47.151,430.924,744.831,431.884>
DEBUG:root:<LTRect 47.151,419.524,744.831,420.483>
DEBUG:root:<LTRect 47.151,408.364,743.871,408.844>
DEBUG:root:<LTRect 47.151,396.964,743.871,397.444>
DEBUG:root:<LTRect 47.151,385.564,743.871,386.045>
DEBUG:root:<LTRect 47.151,374.164,743.871,374.644>
DEBUG:root:<LTRect 47.151,362.764,743.871,363.244>
DEBUG:root:<LTRect 47.151,349.444,743.871,349.924>
DEBUG:root:<LTRect 47.151,338.044,743.871,338.525>
DEBUG:root:<LTRect 47.151,326.644,743.871,327.124>
DEBUG:root:<LTRect 47.151,314.524,744.831,315.484>
DEBUG:root:<LTRect 47.151,303.124,744.831,304.084>
DEBUG:root:<LTRect 47.151,291.964,743.871,292.445>
DEBUG:root:<LTRect 47.151,280.564,743.871,281.044>
DEBUG:root:<LTRect 47.151,267.244,743.871,267.724>
DEBUG:root:<LTRect 47.151,255.844,743.871,256.324>
DEBUG:root:<LTRect 47.151,244.444,743.871,244.925>
DEBUG:root:<LTRect 47.151,232.324,744.831,233.283>
DEBUG:root:<LTRect 47.151,220.924,744.831,221.884>
DEBUG:root:<LTRect 47.151,207.844,743.871,208.324>
DEBUG:root:<LTRect 47.151,196.444,743.871,196.924>
DEBUG:root:<LTRect 47.151,183.124,743.871,183.604>
DEBUG:root:<LTRect 47.151,171.724,743.871,172.205>
DEBUG:root:<LTRect 47.151,160.324,743.871,160.804>
DEBUG:root:<LTRect 47.151,148.204,744.831,149.164>
DEBUG:root:<LTRect 47.151,136.804,744.831,137.764>
DEBUG:root:<LTRect 46.911,125.644,743.871,126.125>
DEBUG:root:<LTRect 47.151,115.684,743.871,116.164>
DEBUG:root:<LTRect 47.151,102.364,743.871,102.844>
DEBUG:root:<LTRect 47.151,90.244,744.831,91.204>
DEBUG:root:<LTRect 47.151,78.844,744.831,79.804>
DEBUG:root:<LTRect 47.151,67.684,743.871,68.165>
DEBUG:root:<LTRect 47.151,56.284,743.871,56.764>
DEBUG:root:<LTRect 47.151,549.604,744.471,584.044>
DEBUG:root:<LTRect 46.191,549.004,47.151,585.004>
DEBUG:root:<LTRect 155.751,550.204,156.232,584.044>
DEBUG:root:<LTRect 206.871,550.204,207.352,584.044>
DEBUG:root:<LTRect 426.351,550.204,426.831,584.044>
DEBUG:root:<LTRect 497.991,550.204,498.471,584.044>
DEBUG:root:<LTRect 549.471,550.204,549.951,584.044>
DEBUG:root:<LTRect 614.271,550.204,614.751,584.044>
DEBUG:root:<LTRect 661.671,550.204,662.151,584.044>
DEBUG:root:<LTRect 700.671,550.204,701.151,584.044>
DEBUG:root:<LTRect 743.871,549.004,744.831,584.045>
DEBUG:root:<LTRect 268.791,550.204,269.272,574.684>
DEBUG:root:<LTRect 320.631,550.204,321.112,574.684>
DEBUG:root:<LTRect 375.711,550.204,376.192,574.684>
DEBUG:root:<LTRect 47.151,584.044,744.831,585.003>
DEBUG:root:<LTRect 207.351,574.684,426.830,575.164>
DEBUG:root:<LTRect 47.151,549.244,744.831,550.204>
DEBUG:root:<LTRect 207.111,411.364,269.151,537.364>
DEBUG:root:<LTRect 320.871,411.364,376.071,537.364>
DEBUG:root:<LTRect 426.591,411.364,549.831,537.364>
DEBUG:root:<LTRect 661.911,411.364,701.031,423.364>
DEBUG:root:<LTRect 47.151,399.964,744.471,411.484>
DEBUG:root:<LTRect 155.991,388.564,269.151,400.084>
DEBUG:root:<LTRect 320.871,388.564,376.071,400.084>
DEBUG:root:<LTRect 426.591,388.564,614.631,400.084>
DEBUG:root:<LTRect 155.991,377.164,269.151,388.684>
DEBUG:root:<LTRect 320.871,377.164,376.071,388.684>
DEBUG:root:<LTRect 426.591,377.164,614.631,388.684>
DEBUG:root:<LTRect 155.991,365.764,269.151,377.284>
DEBUG:root:<LTRect 320.871,365.764,376.071,377.284>
DEBUG:root:<LTRect 426.591,365.764,614.631,377.284>
DEBUG:root:<LTRect 661.911,365.764,701.031,377.284>
DEBUG:root:<LTRect 155.991,354.364,269.151,365.884>
DEBUG:root:<LTRect 320.871,354.364,376.071,365.884>
DEBUG:root:<LTRect 426.591,354.364,614.631,365.884>
DEBUG:root:<LTRect 155.991,342.964,269.151,354.484>
DEBUG:root:<LTRect 320.871,342.964,376.071,354.484>
DEBUG:root:<LTRect 426.591,342.964,614.631,354.484>
DEBUG:root:<LTRect 155.991,331.564,269.151,343.084>
DEBUG:root:<LTRect 320.871,331.564,376.071,343.084>
DEBUG:root:<LTRect 426.591,331.564,614.631,343.084>
DEBUG:root:<LTRect 155.991,320.164,269.151,331.684>
DEBUG:root:<LTRect 320.871,320.164,376.071,331.684>
DEBUG:root:<LTRect 426.591,320.164,614.631,331.684>
DEBUG:root:<LTRect 155.991,308.764,269.151,320.284>
DEBUG:root:<LTRect 320.871,308.764,376.071,320.284>
DEBUG:root:<LTRect 426.591,308.764,614.631,320.284>
DEBUG:root:<LTRect 155.991,297.364,269.151,308.884>
DEBUG:root:<LTRect 320.871,297.364,376.071,308.884>
DEBUG:root:<LTRect 426.591,297.364,614.631,308.884>
DEBUG:root:<LTRect 155.991,285.964,269.151,297.484>
DEBUG:root:<LTRect 320.871,285.964,376.071,297.484>
DEBUG:root:<LTRect 426.591,285.964,614.631,297.484>
DEBUG:root:<LTRect 155.991,274.564,269.151,286.084>
DEBUG:root:<LTRect 320.871,274.564,376.071,286.084>
DEBUG:root:<LTRect 426.591,274.564,614.631,286.084>
DEBUG:root:<LTRect 155.991,263.164,269.151,274.684>
DEBUG:root:<LTRect 320.871,263.164,376.071,274.684>
DEBUG:root:<LTRect 426.591,263.164,614.631,274.684>
DEBUG:root:<LTRect 155.991,251.764,269.151,263.284>
DEBUG:root:<LTRect 320.871,251.764,376.071,263.284>
DEBUG:root:<LTRect 426.591,251.764,614.631,263.284>
DEBUG:root:<LTRect 155.991,240.364,269.151,251.884>
DEBUG:root:<LTRect 320.871,240.364,376.071,251.884>
DEBUG:root:<LTRect 426.591,240.364,614.631,251.884>
DEBUG:root:<LTRect 426.591,228.484,498.351,240.484>
DEBUG:root:<LTRect 47.151,216.604,744.471,228.604>
DEBUG:root:<LTRect 47.151,548.524,156.231,549.004>
DEBUG:root:<LTRect 426.831,548.524,498.471,549.004>
DEBUG:root:<LTRect 743.871,423.124,744.831,549.003>
DEBUG:root:<LTRect 744.111,411.964,744.591,423.124>
DEBUG:root:<LTRect 155.751,411.964,156.232,548.524>
DEBUG:root:<LTRect 206.871,411.964,207.352,548.764>
DEBUG:root:<LTRect 268.791,411.964,269.272,548.764>
DEBUG:root:<LTRect 320.631,411.964,321.112,548.764>
DEBUG:root:<LTRect 375.711,411.964,376.192,548.764>
DEBUG:root:<LTRect 426.351,411.964,426.831,549.003>
DEBUG:root:<LTRect 497.991,411.964,498.471,548.524>
DEBUG:root:<LTRect 549.471,411.964,549.951,548.764>
DEBUG:root:<LTRect 614.271,411.964,614.751,549.003>
DEBUG:root:<LTRect 661.671,411.964,662.151,548.524>
DEBUG:root:<LTRect 700.671,411.964,701.151,548.524>
DEBUG:root:<LTRect 155.751,229.084,156.232,399.603>
DEBUG:root:<LTRect 206.871,229.084,207.352,399.603>
DEBUG:root:<LTRect 268.791,229.084,269.272,399.603>
DEBUG:root:<LTRect 320.631,229.084,321.112,399.603>
DEBUG:root:<LTRect 375.711,229.084,376.192,399.603>
DEBUG:root:<LTRect 426.351,229.084,426.831,399.603>
DEBUG:root:<LTRect 497.991,229.084,498.471,399.603>
DEBUG:root:<LTRect 549.471,229.084,549.951,399.603>
DEBUG:root:<LTRect 614.271,229.084,614.751,399.603>
DEBUG:root:<LTRect 661.671,229.084,662.151,399.603>
DEBUG:root:<LTRect 700.671,229.084,701.151,399.603>
DEBUG:root:<LTRect 46.191,204.724,47.151,549.004>
DEBUG:root:<LTRect 743.871,169.924,744.831,411.004>
DEBUG:root:<LTRect 46.191,62.644,47.151,75.005>
DEBUG:root:<LTRect 155.511,216.244,156.470,228.124>
DEBUG:root:<LTRect 206.631,216.244,207.590,228.124>
DEBUG:root:<LTRect 268.551,216.244,269.510,228.124>
DEBUG:root:<LTRect 320.391,216.244,321.350,228.124>
DEBUG:root:<LTRect 375.471,216.244,376.430,228.124>
DEBUG:root:<LTRect 426.111,216.244,427.071,228.124>
DEBUG:root:<LTRect 497.751,216.244,498.711,228.124>
DEBUG:root:<LTRect 549.231,216.244,550.191,228.124>
DEBUG:root:<LTRect 614.031,216.244,614.991,228.124>
DEBUG:root:<LTRect 661.431,216.244,662.391,228.124>
DEBUG:root:<LTRect 700.431,216.244,701.391,228.124>
DEBUG:root:<LTRect 743.871,62.644,744.831,75.005>
DEBUG:root:<LTRect 614.751,548.524,743.871,549.004>
DEBUG:root:<LTRect 47.151,537.124,743.871,537.605>
DEBUG:root:<LTRect 47.151,525.724,743.871,526.204>
DEBUG:root:<LTRect 47.151,514.324,743.871,514.804>
DEBUG:root:<LTRect 47.151,502.924,743.871,503.405>
DEBUG:root:<LTRect 47.151,491.524,743.871,492.004>
DEBUG:root:<LTRect 47.151,480.124,743.871,480.604>
DEBUG:root:<LTRect 47.151,468.724,743.871,469.205>
DEBUG:root:<LTRect 47.151,457.324,743.871,457.804>
DEBUG:root:<LTRect 47.151,445.924,743.871,446.404>
DEBUG:root:<LTRect 47.151,434.524,743.871,435.005>
DEBUG:root:<LTRect 47.151,423.124,743.871,423.604>
DEBUG:root:<LTRect 47.151,411.004,744.831,411.964>
DEBUG:root:<LTRect 47.151,399.604,744.831,400.564>
DEBUG:root:<LTRect 47.151,388.444,743.871,388.925>
DEBUG:root:<LTRect 47.151,377.044,743.871,377.524>
DEBUG:root:<LTRect 47.151,365.644,743.871,366.124>
DEBUG:root:<LTRect 47.151,354.244,743.871,354.725>
DEBUG:root:<LTRect 47.151,342.844,743.871,343.324>
DEBUG:root:<LTRect 47.151,331.444,743.871,331.924>
DEBUG:root:<LTRect 47.151,320.044,743.871,320.525>
DEBUG:root:<LTRect 47.151,308.644,743.871,309.124>
DEBUG:root:<LTRect 47.151,297.244,743.871,297.724>
DEBUG:root:<LTRect 47.151,285.844,743.871,286.325>
DEBUG:root:<LTRect 47.151,274.444,743.871,274.924>
DEBUG:root:<LTRect 47.151,263.044,743.871,263.524>
DEBUG:root:<LTRect 47.151,251.644,743.871,252.125>
DEBUG:root:<LTRect 47.151,240.244,743.871,240.724>
DEBUG:root:<LTRect 47.151,228.124,744.831,229.084>
DEBUG:root:<LTRect 47.151,216.244,744.831,217.204>
DEBUG:root:<LTRect 47.151,62.644,744.831,63.604>
DEBUG:root:<LTRect 134.751,462.724,679.911,508.564>
DEBUG:root:<LTRect 134.751,348.964,296.511,462.844>
DEBUG:root:<LTRect 134.751,324.964,679.911,349.084>
DEBUG:root:<LTRect 134.751,300.244,679.911,325.084>
DEBUG:root:<LTRect 134.751,229.804,679.911,275.644>
DEBUG:root:<LTRect 134.751,134.044,296.511,229.924>
DEBUG:root:<LTRect 134.751,115.204,679.911,134.164>
DEBUG:root:<LTRect 134.751,97.804,679.911,115.324>
DEBUG:root:<LTRect 134.751,79.684,296.511,97.923>
DEBUG:root:<LTRect 622.191,79.684,679.911,97.923>
DEBUG:root:<LTRect 134.271,324.604,135.230,509.044>
DEBUG:root:<LTRect 295.911,324.604,296.870,508.084>
DEBUG:root:<LTRect 379.551,324.604,380.511,508.084>
DEBUG:root:<LTRect 474.951,324.604,475.911,508.084>
DEBUG:root:<LTRect 549.111,324.604,550.071,508.084>
DEBUG:root:<LTRect 621.711,324.604,622.670,508.084>
DEBUG:root:<LTRect 679.311,324.604,680.270,508.084>
DEBUG:root:<LTRect 134.271,114.844,135.230,276.124>
DEBUG:root:<LTRect 295.911,114.844,296.870,275.165>
DEBUG:root:<LTRect 379.551,114.844,380.511,275.165>
DEBUG:root:<LTRect 474.951,114.844,475.911,275.165>
DEBUG:root:<LTRect 549.111,114.844,550.071,275.165>
DEBUG:root:<LTRect 621.711,114.844,622.670,275.165>
DEBUG:root:<LTRect 679.311,114.844,680.270,275.165>
DEBUG:root:<LTRect 135.231,508.084,680.271,509.043>
DEBUG:root:<LTRect 135.231,462.364,680.271,463.323>
DEBUG:root:<LTRect 135.231,430.444,680.271,431.404>
DEBUG:root:<LTRect 135.231,410.884,680.271,411.843>
DEBUG:root:<LTRect 135.231,389.164,680.271,390.124>
DEBUG:root:<LTRect 135.231,369.604,680.271,370.564>
DEBUG:root:<LTRect 135.231,348.604,680.271,349.563>
DEBUG:root:<LTRect 135.231,324.604,680.271,325.564>
DEBUG:root:<LTRect 135.231,275.164,680.271,276.123>
DEBUG:root:<LTRect 135.231,229.444,680.271,230.403>
DEBUG:root:<LTRect 135.231,198.964,680.271,199.924>
DEBUG:root:<LTRect 135.231,183.724,680.271,184.683>
DEBUG:root:<LTRect 135.231,168.484,680.271,169.444>
DEBUG:root:<LTRect 135.231,148.924,680.271,149.884>
DEBUG:root:<LTRect 135.231,133.684,680.271,134.643>
DEBUG:root:<LTRect 135.231,114.844,680.271,115.804>
DEBUG:root:String table length: 1
