DEBUG:root:<LTRect 278.400,464.520,328.680,475.920>
DEBUG:root:<LTRect 428.880,464.520,464.400,475.920>
DEBUG:root:<LTRect 36.840,453.840,464.400,464.640>
DEBUG:root:<LTRect 278.400,443.160,328.680,453.960>
DEBUG:root:<LTRect 428.880,443.160,464.400,453.960>
DEBUG:root:<LTRect 36.840,432.480,464.400,443.280>
DEBUG:root:<LTRect 278.400,421.800,328.680,432.600>
DEBUG:root:<LTRect 428.880,421.800,464.400,432.600>
DEBUG:root:<LTRect 36.840,411.120,464.400,421.920>
DEBUG:root:<LTRect 278.400,400.440,328.680,411.240>
DEBUG:root:<LTRect 428.880,400.440,464.400,411.240>
DEBUG:root:<LTRect 36.840,389.760,464.400,400.560>
DEBUG:root:<LTRect 278.400,379.080,328.680,389.880>
DEBUG:root:<LTRect 428.880,379.080,464.400,389.880>
DEBUG:root:<LTRect 36.840,368.400,464.400,379.200>
DEBUG:root:<LTRect 278.400,357.720,328.680,368.520>
DEBUG:root:<LTRect 428.880,357.720,464.400,368.520>
DEBUG:root:<LTRect 36.840,347.040,464.400,357.840>
DEBUG:root:<LTRect 278.400,335.760,328.680,347.160>
DEBUG:root:<LTRect 428.880,335.760,464.400,347.160>
DEBUG:root:<LTRect 278.400,324.480,328.680,335.880>
DEBUG:root:<LTRect 36.840,464.160,463.080,465.000>
DEBUG:root:<LTRect 36.840,453.480,463.080,454.320>
DEBUG:root:<LTRect 36.840,442.800,463.080,443.640>
DEBUG:root:<LTRect 36.840,432.120,463.080,432.960>
DEBUG:root:<LTRect 36.840,421.440,463.080,422.280>
DEBUG:root:<LTRect 36.840,410.760,463.080,411.600>
DEBUG:root:<LTRect 36.840,400.080,463.080,400.920>
DEBUG:root:<LTRect 36.840,389.400,463.080,390.240>
DEBUG:root:<LTRect 36.840,378.720,463.080,379.560>
DEBUG:root:<LTRect 36.840,368.040,463.080,368.880>
DEBUG:root:<LTRect 36.840,357.360,463.080,358.200>
DEBUG:root:<LTRect 36.840,346.680,463.080,347.520>
DEBUG:root:<LTRect 36.840,336.240,463.920,337.080>
DEBUG:root:<LTRect 36.840,334.560,463.080,335.400>
DEBUG:root:<LTRect 464.760,336.240,465.600,337.080>
DEBUG:root:<LTRect 463.080,334.560,465.600,335.400>
DEBUG:root:<LTRect 36.000,334.560,36.840,474.600>
DEBUG:root:<LTRect 378.360,337.080,379.200,474.600>
DEBUG:root:<LTRect 428.520,337.080,429.360,474.600>
DEBUG:root:<LTRect 463.080,337.080,463.920,474.600>
DEBUG:root:<LTRect 464.760,337.080,465.600,474.600>
DEBUG:root:<LTRect 519.240,337.080,520.080,474.600>
DEBUG:root:<LTRect 520.920,337.080,521.760,474.600>
DEBUG:root:<LTRect 463.080,336.240,463.920,337.080>
DEBUG:root:<LTRect 464.760,336.240,465.600,337.080>
DEBUG:root:<LTRect 519.240,336.240,520.080,337.080>
DEBUG:root:<LTRect 520.920,334.560,521.760,337.080>
DEBUG:root:<LTRect 36.000,474.600,521.760,477.120>
DEBUG:root:<LTRect 465.600,464.160,519.240,465.000>
DEBUG:root:<LTRect 465.600,453.480,519.240,454.320>
DEBUG:root:<LTRect 465.600,442.800,519.240,443.640>
DEBUG:root:<LTRect 465.600,432.120,519.240,432.960>
DEBUG:root:<LTRect 465.600,421.440,519.240,422.280>
DEBUG:root:<LTRect 465.600,410.760,519.240,411.600>
DEBUG:root:<LTRect 465.600,400.080,519.240,400.920>
DEBUG:root:<LTRect 465.600,389.400,519.240,390.240>
DEBUG:root:<LTRect 465.600,378.720,519.240,379.560>
DEBUG:root:<LTRect 465.600,368.040,519.240,368.880>
DEBUG:root:<LTRect 465.600,357.360,519.240,358.200>
DEBUG:root:<LTRect 465.600,346.680,519.240,347.520>
DEBUG:root:<LTRect 465.600,336.240,519.240,337.080>
DEBUG:root:<LTRect 465.600,334.560,519.240,335.400>
DEBUG:root:<LTRect 519.240,336.240,520.080,337.080>
DEBUG:root:<LTRect 519.240,334.560,521.760,335.400>
DEBUG:root:<LTRect 178.080,151.320,228.360,187.080>
DEBUG:root:<LTRect 228.240,151.320,328.680,175.200>
DEBUG:root:<LTRect 36.840,139.440,429.000,151.440>
DEBUG:root:<LTRect 178.080,127.560,228.360,139.560>
DEBUG:root:<LTRect 228.240,127.560,328.680,139.560>
DEBUG:root:<LTRect 36.840,115.680,429.000,127.680>
DEBUG:root:<LTRect 178.080,103.800,228.360,115.800>
DEBUG:root:<LTRect 228.240,103.800,328.680,115.800>
DEBUG:root:<LTRect 36.840,91.920,429.000,103.920>
DEBUG:root:<LTRect 178.080,80.040,228.360,92.040>
DEBUG:root:<LTRect 228.240,80.040,328.680,92.040>
DEBUG:root:<LTRect 36.840,68.160,429.000,80.160>
DEBUG:root:<LTRect 178.080,56.280,228.360,68.280>
DEBUG:root:<LTRect 228.240,56.280,328.680,68.280>
DEBUG:root:<LTRect 36.840,44.400,429.000,56.400>
DEBUG:root:<LTRect 178.080,32.520,228.360,44.520>
DEBUG:root:<LTRect 228.240,32.520,328.680,44.520>
DEBUG:root:<LTRect 35.160,197.640,36.000,200.160>
DEBUG:root:<LTRect 36.840,197.640,37.680,198.480>
DEBUG:root:<LTRect 36.840,175.560,37.680,176.400>
DEBUG:root:<LTRect 35.160,176.400,36.000,197.640>
DEBUG:root:<LTRect 36.840,176.400,37.680,197.640>
DEBUG:root:<LTRect 35.160,173.880,36.000,176.400>
DEBUG:root:<LTRect 36.840,173.880,37.680,174.720>
DEBUG:root:<LTRect 36.840,163.680,37.680,164.520>
DEBUG:root:<LTRect 177.720,176.400,178.560,197.640>
DEBUG:root:<LTRect 227.880,176.400,228.720,197.640>
DEBUG:root:<LTRect 278.040,176.400,278.880,197.640>
DEBUG:root:<LTRect 328.200,176.400,329.040,197.640>
DEBUG:root:<LTRect 378.360,176.400,379.200,197.640>
DEBUG:root:<LTRect 35.160,164.520,36.000,173.880>
DEBUG:root:<LTRect 36.840,164.520,37.680,173.880>
DEBUG:root:<LTRect 177.720,164.520,178.560,173.880>
DEBUG:root:<LTRect 227.880,164.520,228.720,173.880>
DEBUG:root:<LTRect 278.040,164.520,278.880,173.880>
DEBUG:root:<LTRect 328.200,164.520,329.040,173.880>
DEBUG:root:<LTRect 378.360,164.520,379.200,173.880>
DEBUG:root:<LTRect 177.720,128.880,178.560,162.000>
DEBUG:root:<LTRect 227.880,128.880,228.720,162.000>
DEBUG:root:<LTRect 278.040,128.880,278.880,162.000>
DEBUG:root:<LTRect 328.200,128.880,329.040,162.000>
DEBUG:root:<LTRect 378.360,128.880,379.200,162.000>
DEBUG:root:<LTRect 428.520,128.880,429.360,200.160>
DEBUG:root:<LTRect 35.160,162.000,36.000,164.520>
DEBUG:root:<LTRect 36.840,162.000,37.680,162.840>
DEBUG:root:<LTRect 36.840,33.000,37.680,33.840>
DEBUG:root:<LTRect 35.160,31.320,36.000,33.840>
DEBUG:root:<LTRect 428.520,31.320,429.360,126.360>
DEBUG:root:<LTRect 35.160,33.840,36.000,162.000>
DEBUG:root:<LTRect 36.840,33.840,37.680,162.000>
DEBUG:root:<LTRect 177.720,33.840,178.560,126.360>
DEBUG:root:<LTRect 227.880,33.840,228.720,126.360>
DEBUG:root:<LTRect 278.040,33.840,278.880,126.360>
DEBUG:root:<LTRect 328.200,33.840,329.040,126.360>
DEBUG:root:<LTRect 378.360,33.840,379.200,126.360>
DEBUG:root:<LTRect 36.840,197.640,37.680,198.480>
DEBUG:root:<LTRect 35.160,199.320,428.520,200.160>
DEBUG:root:<LTRect 37.680,197.640,428.520,198.480>
DEBUG:root:<LTRect 37.680,186.600,429.360,187.440>
DEBUG:root:<LTRect 36.840,173.880,37.680,174.720>
DEBUG:root:<LTRect 36.840,175.560,428.520,176.400>
DEBUG:root:<LTRect 37.680,173.880,428.520,174.720>
DEBUG:root:<LTRect 36.840,162.000,37.680,162.840>
DEBUG:root:<LTRect 36.840,163.680,428.520,164.520>
DEBUG:root:<LTRect 37.680,162.000,428.520,162.840>
DEBUG:root:<LTRect 37.680,150.960,429.360,151.800>
DEBUG:root:<LTRect 37.680,139.080,429.360,139.920>
DEBUG:root:<LTRect 37.680,126.360,429.360,128.880>
DEBUG:root:<LTRect 37.680,115.320,429.360,116.160>
DEBUG:root:<LTRect 37.680,103.440,429.360,104.280>
DEBUG:root:<LTRect 37.680,91.560,429.360,92.400>
DEBUG:root:<LTRect 37.680,79.680,429.360,80.520>
DEBUG:root:<LTRect 37.680,67.800,429.360,68.640>
DEBUG:root:<LTRect 37.680,55.920,429.360,56.760>
DEBUG:root:<LTRect 37.680,44.040,429.360,44.880>
DEBUG:root:<LTRect 35.160,31.320,37.680,32.160>
DEBUG:root:<LTRect 36.840,33.000,428.520,33.840>
DEBUG:root:<LTRect 37.680,31.320,428.520,32.160>
DEBUG:root:<LTRect 441.840,163.680,711.240,196.200>
DEBUG:root:<LTRect 42.000,36.000,756.030,570.000>
DEBUG:root:<LTRect 36.000,36.000,756.000,576.000>
DEBUG:root:<LTRect 40.680,288.360,711.960,441.600>
DEBUG:root:<LTRect 43.200,428.280,257.760,429.360>
DEBUG:root:<LTRect 43.200,312.000,140.040,313.080>
DEBUG:root:<LTRect 40.560,447.600,708.480,549.960>
DEBUG:root:<LTRect 519.600,40.320,521.280,181.440>
DEBUG:root:<LTRect 539.520,42.000,540.360,179.760>
DEBUG:root:<LTRect 660.480,42.000,661.320,179.760>
DEBUG:root:<LTRect 716.760,40.320,718.440,179.760>
DEBUG:root:<LTRect 521.280,179.760,718.440,181.440>
DEBUG:root:<LTRect 521.280,169.440,716.760,170.280>
DEBUG:root:<LTRect 521.280,158.760,716.760,159.600>
DEBUG:root:<LTRect 521.280,148.080,716.760,148.920>
DEBUG:root:<LTRect 521.280,137.400,716.760,138.240>
DEBUG:root:<LTRect 521.280,126.720,716.760,127.560>
DEBUG:root:<LTRect 521.280,116.040,716.760,116.880>
DEBUG:root:<LTRect 521.280,105.360,716.760,106.200>
DEBUG:root:<LTRect 521.280,94.680,716.760,95.520>
DEBUG:root:<LTRect 521.280,84.000,716.760,84.840>
DEBUG:root:<LTRect 521.280,73.320,716.760,74.160>
DEBUG:root:<LTRect 521.280,62.640,716.760,63.480>
DEBUG:root:<LTRect 521.280,51.960,716.760,52.800>
DEBUG:root:<LTRect 521.280,40.320,718.440,42.000>
DEBUG:root:<LTRect 40.680,197.280,711.960,441.600>
DEBUG:root:<LTRect 43.200,428.280,257.760,429.360>
DEBUG:root:<LTRect 43.200,312.000,140.040,313.080>
DEBUG:root:<LTRect 40.560,447.600,708.480,549.960>
DEBUG:root:String table length: 1
