DEBUG:root:<LTRect 23.631,579.244,556.431,588.005>
DEBUG:root:<LTRect 556.311,579.244,767.991,588.005>
DEBUG:root:<LTRect 23.631,512.524,556.431,579.364>
DEBUG:root:<LTRect 556.311,512.524,767.991,579.364>
DEBUG:root:<LTRect 23.631,487.444,767.991,512.644>
DEBUG:root:<LTRect 23.631,476.164,767.991,487.564>
DEBUG:root:<LTRect 23.631,464.884,724.431,476.283>
DEBUG:root:<LTRect 444.231,451.804,504.831,465.004>
DEBUG:root:<LTRect 23.631,428.884,767.991,440.283>
DEBUG:root:<LTRect 152.511,417.604,286.431,429.004>
DEBUG:root:<LTRect 338.271,417.604,393.591,429.004>
DEBUG:root:<LTRect 444.231,417.604,637.791,429.004>
DEBUG:root:<LTRect 444.231,406.324,504.831,417.724>
DEBUG:root:<LTRect 444.231,395.044,504.831,406.444>
DEBUG:root:<LTRect 444.231,383.764,504.831,395.164>
DEBUG:root:<LTRect 444.231,372.484,504.831,383.884>
DEBUG:root:<LTRect 444.231,359.404,504.831,372.604>
DEBUG:root:<LTRect 444.231,348.124,504.831,359.524>
DEBUG:root:<LTRect 444.231,336.844,504.831,348.244>
DEBUG:root:<LTRect 23.631,313.924,767.991,325.324>
DEBUG:root:<LTRect 23.631,302.644,685.311,314.044>
DEBUG:root:<LTRect 286.311,291.364,338.391,302.764>
DEBUG:root:<LTRect 393.471,291.364,504.831,302.764>
DEBUG:root:<LTRect 286.311,278.284,338.391,291.484>
DEBUG:root:<LTRect 393.471,278.284,504.831,291.484>
DEBUG:root:<LTRect 286.311,267.004,338.391,278.404>
DEBUG:root:<LTRect 393.471,267.004,504.831,278.404>
DEBUG:root:<LTRect 286.311,255.724,338.391,267.124>
DEBUG:root:<LTRect 393.471,255.724,504.831,267.124>
DEBUG:root:<LTRect 286.311,244.084,338.391,255.844>
DEBUG:root:<LTRect 393.471,244.084,444.351,255.844>
DEBUG:root:<LTRect 23.631,232.804,767.991,244.204>
DEBUG:root:<LTRect 23.631,149.884,767.991,161.283>
DEBUG:root:<LTRect 152.511,138.604,286.431,150.004>
DEBUG:root:<LTRect 338.271,138.604,393.591,150.004>
DEBUG:root:<LTRect 444.231,138.604,637.791,150.004>
DEBUG:root:<LTRect 444.231,128.764,504.831,138.724>
DEBUG:root:<LTRect 444.231,115.684,504.831,128.884>
DEBUG:root:<LTRect 23.631,92.764,767.991,104.164>
DEBUG:root:<LTRect 556.071,513.124,556.552,588.004>
DEBUG:root:<LTRect 637.431,513.124,637.912,579.124>
DEBUG:root:<LTRect 684.951,513.124,685.432,579.124>
DEBUG:root:<LTRect 724.071,513.124,724.551,579.124>
DEBUG:root:<LTRect 152.271,488.044,152.751,512.164>
DEBUG:root:<LTRect 220.431,488.044,220.911,512.164>
DEBUG:root:<LTRect 286.071,488.044,286.552,512.164>
DEBUG:root:<LTRect 338.031,488.044,338.511,512.164>
DEBUG:root:<LTRect 393.231,488.044,393.711,512.164>
DEBUG:root:<LTRect 443.991,488.044,444.471,512.164>
DEBUG:root:<LTRect 504.471,488.044,504.951,512.164>
DEBUG:root:<LTRect 556.071,488.044,556.552,512.164>
DEBUG:root:<LTRect 637.431,488.044,637.912,512.164>
DEBUG:root:<LTRect 684.951,488.044,685.432,512.164>
DEBUG:root:<LTRect 724.071,488.044,724.551,512.164>
DEBUG:root:<LTRect 152.271,440.764,152.751,475.804>
DEBUG:root:<LTRect 220.431,440.764,220.911,475.804>
DEBUG:root:<LTRect 286.071,440.764,286.552,475.804>
DEBUG:root:<LTRect 338.031,440.764,338.511,475.804>
DEBUG:root:<LTRect 393.231,440.764,393.711,475.804>
DEBUG:root:<LTRect 443.991,440.764,444.471,475.804>
DEBUG:root:<LTRect 504.471,440.764,504.951,475.804>
DEBUG:root:<LTRect 556.071,440.764,556.552,475.804>
DEBUG:root:<LTRect 637.431,440.764,637.912,475.804>
DEBUG:root:<LTRect 684.951,440.764,685.432,475.804>
DEBUG:root:<LTRect 724.071,440.764,724.551,475.804>
DEBUG:root:<LTRect 152.271,325.804,152.751,428.525>
DEBUG:root:<LTRect 220.431,325.804,220.911,428.525>
DEBUG:root:<LTRect 286.071,325.804,286.552,428.525>
DEBUG:root:<LTRect 338.031,325.804,338.511,428.525>
DEBUG:root:<LTRect 393.231,325.804,393.711,428.525>
DEBUG:root:<LTRect 443.991,325.804,444.471,428.525>
DEBUG:root:<LTRect 504.471,325.804,504.951,428.525>
DEBUG:root:<LTRect 556.071,325.804,556.552,428.525>
DEBUG:root:<LTRect 637.431,325.804,637.912,428.525>
DEBUG:root:<LTRect 684.951,325.804,685.432,428.525>
DEBUG:root:<LTRect 724.071,325.804,724.551,428.525>
DEBUG:root:<LTRect 152.271,244.684,152.751,313.564>
DEBUG:root:<LTRect 220.431,244.684,220.911,313.564>
DEBUG:root:<LTRect 286.071,244.684,286.552,313.564>
DEBUG:root:<LTRect 338.031,244.684,338.511,313.564>
DEBUG:root:<LTRect 393.231,244.684,393.711,313.564>
DEBUG:root:<LTRect 443.991,244.684,444.471,313.564>
DEBUG:root:<LTRect 504.471,244.684,504.951,313.564>
DEBUG:root:<LTRect 556.071,244.684,556.552,313.564>
DEBUG:root:<LTRect 637.431,244.684,637.912,313.564>
DEBUG:root:<LTRect 684.951,244.684,685.432,313.564>
DEBUG:root:<LTRect 724.071,244.684,724.551,313.564>
DEBUG:root:<LTRect 22.671,149.524,23.630,588.963>
DEBUG:root:<LTRect 152.271,161.764,152.751,232.444>
DEBUG:root:<LTRect 220.431,161.764,220.911,232.444>
DEBUG:root:<LTRect 286.071,161.764,286.552,232.444>
DEBUG:root:<LTRect 338.031,161.764,338.511,232.444>
DEBUG:root:<LTRect 393.231,161.764,393.711,232.444>
DEBUG:root:<LTRect 443.991,161.764,444.471,232.444>
DEBUG:root:<LTRect 504.471,161.764,504.951,232.444>
DEBUG:root:<LTRect 556.071,161.764,556.552,232.444>
DEBUG:root:<LTRect 637.431,161.764,637.912,232.444>
DEBUG:root:<LTRect 684.951,161.764,685.432,232.444>
DEBUG:root:<LTRect 724.071,161.764,724.551,232.444>
DEBUG:root:<LTRect 22.911,129.124,23.392,149.524>
DEBUG:root:<LTRect 152.271,104.644,152.751,149.524>
DEBUG:root:<LTRect 220.431,104.644,220.911,149.524>
DEBUG:root:<LTRect 286.071,104.644,286.552,149.524>
DEBUG:root:<LTRect 338.031,104.644,338.511,149.524>
DEBUG:root:<LTRect 393.231,104.644,393.711,149.524>
DEBUG:root:<LTRect 443.991,104.644,444.471,149.524>
DEBUG:root:<LTRect 504.471,104.644,504.951,149.524>
DEBUG:root:<LTRect 556.071,104.644,556.552,149.524>
DEBUG:root:<LTRect 637.431,104.644,637.912,149.524>
DEBUG:root:<LTRect 684.951,104.644,685.432,149.524>
DEBUG:root:<LTRect 724.071,104.644,724.551,149.524>
DEBUG:root:<LTRect 22.671,58.804,23.630,129.124>
DEBUG:root:<LTRect 556.071,58.804,556.552,92.404>
DEBUG:root:<LTRect 767.391,58.804,768.351,588.004>
DEBUG:root:<LTRect 637.431,58.804,637.912,92.404>
DEBUG:root:<LTRect 684.951,58.804,685.432,92.404>
DEBUG:root:<LTRect 724.071,58.804,724.551,92.404>
DEBUG:root:<LTRect 152.271,58.804,152.751,92.404>
DEBUG:root:<LTRect 220.431,58.804,220.911,92.404>
DEBUG:root:<LTRect 286.071,58.804,286.552,92.404>
DEBUG:root:<LTRect 338.031,58.804,338.511,92.404>
DEBUG:root:<LTRect 393.231,58.804,393.711,92.404>
DEBUG:root:<LTRect 443.991,58.804,444.471,92.404>
DEBUG:root:<LTRect 504.471,58.804,504.951,92.404>
DEBUG:root:<LTRect 23.631,588.004,768.351,588.963>
DEBUG:root:<LTRect 556.551,579.124,767.390,579.604>
DEBUG:root:<LTRect 637.911,570.004,767.390,570.484>
DEBUG:root:<LTRect 637.911,560.884,767.390,561.365>
DEBUG:root:<LTRect 637.911,551.764,767.390,552.244>
DEBUG:root:<LTRect 637.911,542.644,767.390,543.124>
DEBUG:root:<LTRect 637.911,533.524,767.390,534.005>
DEBUG:root:<LTRect 637.911,524.404,767.390,524.884>
DEBUG:root:<LTRect 23.631,512.164,768.351,513.124>
DEBUG:root:<LTRect 23.631,487.084,768.351,488.044>
DEBUG:root:<LTRect 23.631,475.804,768.351,476.764>
DEBUG:root:<LTRect 23.631,464.764,767.391,465.245>
DEBUG:root:<LTRect 23.631,451.684,767.391,452.164>
DEBUG:root:<LTRect 23.631,439.804,768.351,440.764>
DEBUG:root:<LTRect 23.631,428.524,768.351,429.483>
DEBUG:root:<LTRect 23.631,417.484,767.391,417.964>
DEBUG:root:<LTRect 23.631,406.204,767.391,406.684>
DEBUG:root:<LTRect 23.631,394.924,767.391,395.405>
DEBUG:root:<LTRect 23.631,383.644,767.391,384.124>
DEBUG:root:<LTRect 23.631,372.364,767.391,372.844>
DEBUG:root:<LTRect 23.631,359.284,767.391,359.765>
DEBUG:root:<LTRect 23.631,348.004,767.391,348.484>
DEBUG:root:<LTRect 23.631,336.724,767.391,337.204>
DEBUG:root:<LTRect 23.631,324.844,768.351,325.803>
DEBUG:root:<LTRect 23.631,313.564,768.351,314.524>
DEBUG:root:<LTRect 23.631,302.524,767.391,303.004>
DEBUG:root:<LTRect 23.631,291.244,767.391,291.725>
DEBUG:root:<LTRect 23.631,278.164,767.391,278.644>
DEBUG:root:<LTRect 23.631,266.884,767.391,267.364>
DEBUG:root:<LTRect 23.631,255.604,767.391,256.085>
DEBUG:root:<LTRect 23.631,243.724,768.351,244.684>
DEBUG:root:<LTRect 23.631,232.444,768.351,233.404>
DEBUG:root:<LTRect 23.631,219.604,767.391,220.085>
DEBUG:root:<LTRect 23.631,208.324,767.391,208.804>
DEBUG:root:<LTRect 23.631,195.244,767.391,195.724>
DEBUG:root:<LTRect 23.631,183.964,767.391,184.445>
DEBUG:root:<LTRect 23.631,172.684,767.391,173.164>
DEBUG:root:<LTRect 23.631,160.804,768.351,161.764>
DEBUG:root:<LTRect 23.631,149.524,768.351,150.483>
DEBUG:root:<LTRect 23.391,138.484,767.390,138.964>
DEBUG:root:<LTRect 23.631,128.644,767.391,129.124>
DEBUG:root:<LTRect 23.631,115.564,767.391,116.045>
DEBUG:root:<LTRect 23.631,103.684,768.351,104.644>
DEBUG:root:<LTRect 23.631,92.404,768.351,93.364>
DEBUG:root:<LTRect 23.631,81.364,767.391,81.845>
DEBUG:root:<LTRect 23.631,70.084,767.391,70.564>
DEBUG:root:<LTRect 23.631,58.804,767.391,59.284>
DEBUG:root:<LTRect 23.631,563.044,767.991,587.764>
DEBUG:root:<LTRect 22.671,562.444,23.630,588.724>
DEBUG:root:<LTRect 152.271,563.644,152.751,587.764>
DEBUG:root:<LTRect 220.431,563.644,220.911,587.764>
DEBUG:root:<LTRect 286.071,563.644,286.552,587.764>
DEBUG:root:<LTRect 338.031,563.644,338.511,587.764>
DEBUG:root:<LTRect 393.231,563.644,393.711,587.764>
DEBUG:root:<LTRect 443.991,563.644,444.471,587.764>
DEBUG:root:<LTRect 504.471,563.644,504.951,587.764>
DEBUG:root:<LTRect 556.071,563.644,556.552,587.764>
DEBUG:root:<LTRect 637.431,563.644,637.912,587.764>
DEBUG:root:<LTRect 684.951,563.644,685.432,587.764>
DEBUG:root:<LTRect 724.071,563.644,724.551,587.764>
DEBUG:root:<LTRect 767.391,562.444,768.351,587.764>
DEBUG:root:<LTRect 23.631,587.764,768.351,588.724>
DEBUG:root:<LTRect 23.631,562.684,768.351,563.644>
DEBUG:root:<LTRect 220.671,426.364,286.430,561.724>
DEBUG:root:<LTRect 338.271,426.364,393.591,561.724>
DEBUG:root:<LTRect 504.711,426.364,556.430,561.724>
DEBUG:root:<LTRect 23.631,415.084,767.991,426.484>
DEBUG:root:<LTRect 152.511,403.444,286.431,415.204>
DEBUG:root:<LTRect 338.271,403.444,393.591,415.204>
DEBUG:root:<LTRect 444.231,403.444,637.791,415.204>
DEBUG:root:<LTRect 152.511,392.164,286.431,403.564>
DEBUG:root:<LTRect 338.271,392.164,393.591,403.564>
DEBUG:root:<LTRect 444.231,392.164,637.791,403.564>
DEBUG:root:<LTRect 152.511,380.884,286.431,392.284>
DEBUG:root:<LTRect 338.271,380.884,393.591,392.284>
DEBUG:root:<LTRect 444.231,380.884,637.791,392.284>
DEBUG:root:<LTRect 685.191,380.884,724.431,392.284>
DEBUG:root:<LTRect 152.511,369.604,286.431,381.004>
DEBUG:root:<LTRect 338.271,369.604,393.591,381.004>
DEBUG:root:<LTRect 444.231,369.604,637.791,381.004>
DEBUG:root:<LTRect 685.191,369.604,724.431,381.004>
DEBUG:root:<LTRect 152.511,358.324,286.431,369.724>
DEBUG:root:<LTRect 338.271,358.324,393.591,369.724>
DEBUG:root:<LTRect 444.231,358.324,637.791,369.724>
DEBUG:root:<LTRect 685.191,358.324,724.431,369.724>
DEBUG:root:<LTRect 152.511,347.044,286.431,358.444>
DEBUG:root:<LTRect 338.271,347.044,393.591,358.444>
DEBUG:root:<LTRect 444.231,347.044,637.791,358.444>
DEBUG:root:<LTRect 152.511,335.764,286.431,347.164>
DEBUG:root:<LTRect 338.271,335.764,393.591,347.164>
DEBUG:root:<LTRect 444.231,335.764,637.791,347.164>
DEBUG:root:<LTRect 152.511,324.484,286.431,335.884>
DEBUG:root:<LTRect 338.271,324.484,393.591,335.884>
DEBUG:root:<LTRect 444.231,324.484,637.791,335.884>
DEBUG:root:<LTRect 152.511,313.204,286.431,324.604>
DEBUG:root:<LTRect 338.271,313.204,393.591,324.604>
DEBUG:root:<LTRect 444.231,313.204,637.791,324.604>
DEBUG:root:<LTRect 152.511,301.924,286.431,313.324>
DEBUG:root:<LTRect 338.271,301.924,393.591,313.324>
DEBUG:root:<LTRect 444.231,301.924,637.791,313.324>
DEBUG:root:<LTRect 152.511,290.644,286.431,302.044>
DEBUG:root:<LTRect 338.271,290.644,393.591,302.044>
DEBUG:root:<LTRect 444.231,290.644,637.791,302.044>
DEBUG:root:<LTRect 152.511,279.364,286.431,290.764>
DEBUG:root:<LTRect 338.271,279.364,393.591,290.764>
DEBUG:root:<LTRect 444.231,279.364,637.791,290.764>
DEBUG:root:<LTRect 152.511,268.084,286.431,279.484>
DEBUG:root:<LTRect 338.271,268.084,393.591,279.484>
DEBUG:root:<LTRect 444.231,268.084,637.791,279.484>
DEBUG:root:<LTRect 444.231,256.444,504.831,268.204>
DEBUG:root:<LTRect 23.631,244.804,767.991,256.564>
DEBUG:root:<LTRect 444.471,561.964,504.951,562.445>
DEBUG:root:<LTRect 152.271,426.964,152.751,562.204>
DEBUG:root:<LTRect 220.431,426.964,220.911,562.204>
DEBUG:root:<LTRect 286.071,426.964,286.552,562.204>
DEBUG:root:<LTRect 338.031,426.964,338.511,562.204>
DEBUG:root:<LTRect 393.231,426.964,393.711,562.204>
DEBUG:root:<LTRect 443.991,426.964,444.471,562.445>
DEBUG:root:<LTRect 504.471,426.964,504.951,561.964>
DEBUG:root:<LTRect 556.071,426.964,556.552,562.204>
DEBUG:root:<LTRect 637.431,426.964,637.912,562.445>
DEBUG:root:<LTRect 684.951,426.964,685.432,561.964>
DEBUG:root:<LTRect 724.071,426.964,724.551,561.964>
DEBUG:root:<LTRect 23.631,403.324,684.951,403.804>
DEBUG:root:<LTRect 684.951,404.044,685.432,414.723>
DEBUG:root:<LTRect 724.071,404.044,724.551,414.723>
DEBUG:root:<LTRect 152.271,257.044,152.751,414.724>
DEBUG:root:<LTRect 220.431,257.044,220.911,414.724>
DEBUG:root:<LTRect 286.071,257.044,286.552,414.724>
DEBUG:root:<LTRect 338.031,257.044,338.511,414.724>
DEBUG:root:<LTRect 393.231,257.044,393.711,414.724>
DEBUG:root:<LTRect 443.991,257.044,444.471,414.724>
DEBUG:root:<LTRect 504.471,257.044,504.951,414.724>
DEBUG:root:<LTRect 556.071,257.044,556.552,414.724>
DEBUG:root:<LTRect 637.431,257.044,637.912,414.724>
DEBUG:root:<LTRect 684.951,257.044,685.432,403.084>
DEBUG:root:<LTRect 724.071,257.044,724.551,403.084>
DEBUG:root:<LTRect 22.671,233.164,23.630,562.204>
DEBUG:root:<LTRect 767.391,198.964,768.351,562.444>
DEBUG:root:<LTRect 22.671,58.924,23.630,71.044>
DEBUG:root:<LTRect 152.031,244.444,152.991,256.085>
DEBUG:root:<LTRect 220.191,244.444,221.151,256.085>
DEBUG:root:<LTRect 285.831,244.444,286.790,256.085>
DEBUG:root:<LTRect 337.791,244.444,338.751,256.085>
DEBUG:root:<LTRect 392.991,244.444,393.951,256.085>
DEBUG:root:<LTRect 443.751,244.444,444.711,256.085>
DEBUG:root:<LTRect 504.231,244.444,505.191,256.085>
DEBUG:root:<LTRect 555.831,244.444,556.790,256.085>
DEBUG:root:<LTRect 637.191,244.444,638.150,256.085>
DEBUG:root:<LTRect 684.711,244.444,685.670,256.085>
DEBUG:root:<LTRect 723.831,244.444,724.791,256.085>
DEBUG:root:<LTRect 767.391,58.924,768.351,71.044>
DEBUG:root:<LTRect 637.911,561.964,767.390,562.445>
DEBUG:root:<LTRect 23.631,550.684,767.391,551.164>
DEBUG:root:<LTRect 23.631,539.404,767.391,539.884>
DEBUG:root:<LTRect 23.631,528.124,767.391,528.605>
DEBUG:root:<LTRect 23.631,516.844,767.391,517.324>
DEBUG:root:<LTRect 23.631,505.564,767.391,506.044>
DEBUG:root:<LTRect 23.631,494.284,767.391,494.765>
DEBUG:root:<LTRect 23.631,483.004,767.391,483.484>
DEBUG:root:<LTRect 23.631,471.724,767.391,472.204>
DEBUG:root:<LTRect 23.631,460.444,767.391,460.925>
DEBUG:root:<LTRect 23.631,449.164,767.391,449.644>
DEBUG:root:<LTRect 23.631,437.884,767.391,438.364>
DEBUG:root:<LTRect 23.631,426.004,768.351,426.963>
DEBUG:root:<LTRect 23.631,414.724,768.351,415.684>
DEBUG:root:<LTRect 684.951,403.084,768.351,404.044>
DEBUG:root:<LTRect 23.631,392.044,767.391,392.525>
DEBUG:root:<LTRect 23.631,380.764,767.391,381.244>
DEBUG:root:<LTRect 23.631,369.484,767.391,369.964>
DEBUG:root:<LTRect 23.631,358.204,767.391,358.685>
DEBUG:root:<LTRect 23.631,346.924,767.391,347.404>
DEBUG:root:<LTRect 23.631,335.644,767.391,336.124>
DEBUG:root:<LTRect 23.631,324.364,767.391,324.845>
DEBUG:root:<LTRect 23.631,313.084,767.391,313.564>
DEBUG:root:<LTRect 23.631,301.804,767.391,302.284>
DEBUG:root:<LTRect 23.631,290.524,767.391,291.005>
DEBUG:root:<LTRect 23.631,279.244,767.391,279.724>
DEBUG:root:<LTRect 23.631,267.964,767.391,268.444>
DEBUG:root:<LTRect 23.631,256.084,768.351,257.043>
DEBUG:root:<LTRect 23.631,244.444,768.351,245.404>
DEBUG:root:<LTRect 23.631,58.924,768.351,59.884>
DEBUG:root:<LTRect 131.871,468.364,683.151,513.724>
DEBUG:root:<LTRect 131.871,355.924,295.431,468.484>
DEBUG:root:<LTRect 131.871,332.284,683.151,356.044>
DEBUG:root:<LTRect 131.871,308.044,683.151,332.404>
DEBUG:root:<LTRect 131.871,238.564,683.151,283.924>
DEBUG:root:<LTRect 131.871,128.764,295.431,238.684>
DEBUG:root:<LTRect 131.871,110.164,683.151,128.884>
DEBUG:root:<LTRect 131.871,92.884,683.151,110.285>
DEBUG:root:<LTRect 131.871,75.004,295.431,93.004>
DEBUG:root:<LTRect 624.831,75.004,683.151,93.004>
DEBUG:root:<LTRect 131.391,331.924,132.350,514.205>
DEBUG:root:<LTRect 294.831,331.924,295.790,513.244>
DEBUG:root:<LTRect 379.431,331.924,380.390,513.244>
DEBUG:root:<LTRect 475.911,331.924,476.870,513.244>
DEBUG:root:<LTRect 550.911,331.924,551.871,513.244>
DEBUG:root:<LTRect 624.351,331.924,625.311,513.244>
DEBUG:root:<LTRect 682.551,331.924,683.510,513.244>
DEBUG:root:<LTRect 131.391,109.804,132.350,284.404>
DEBUG:root:<LTRect 294.831,109.804,295.790,283.445>
DEBUG:root:<LTRect 379.431,109.804,380.390,283.445>
DEBUG:root:<LTRect 475.911,109.804,476.870,283.445>
DEBUG:root:<LTRect 550.911,109.804,551.871,283.445>
DEBUG:root:<LTRect 624.351,109.804,625.311,283.445>
DEBUG:root:<LTRect 682.551,109.804,683.510,283.445>
DEBUG:root:<LTRect 132.351,513.244,683.511,514.204>
DEBUG:root:<LTRect 132.351,468.004,683.511,468.964>
DEBUG:root:<LTRect 132.351,436.444,683.511,437.403>
DEBUG:root:<LTRect 132.351,417.124,683.511,418.084>
DEBUG:root:<LTRect 132.351,395.644,683.511,396.604>
DEBUG:root:<LTRect 132.351,376.324,683.511,377.283>
DEBUG:root:<LTRect 132.351,355.564,683.511,356.524>
DEBUG:root:<LTRect 132.351,331.924,683.511,332.884>
DEBUG:root:<LTRect 132.351,283.444,683.511,284.403>
DEBUG:root:<LTRect 132.351,238.204,683.511,239.164>
DEBUG:root:<LTRect 132.351,208.084,683.511,209.044>
DEBUG:root:<LTRect 132.351,192.964,683.511,193.924>
DEBUG:root:<LTRect 132.351,177.844,683.511,178.804>
DEBUG:root:<LTRect 132.351,158.524,683.511,159.483>
DEBUG:root:<LTRect 132.351,128.404,683.511,129.364>
DEBUG:root:<LTRect 132.351,109.804,683.511,110.764>
DEBUG:root:String table length: 1
DEBUG:root:<LTRect 20.511,579.244,553.311,588.005>
DEBUG:root:<LTRect 553.191,579.244,770.991,588.005>
DEBUG:root:<LTRect 20.511,512.524,553.311,579.364>
DEBUG:root:<LTRect 553.191,512.524,770.991,579.364>
DEBUG:root:<LTRect 20.511,487.444,770.990,512.644>
DEBUG:root:<LTRect 20.511,476.164,770.990,487.564>
DEBUG:root:<LTRect 20.511,464.884,727.430,476.283>
DEBUG:root:<LTRect 441.111,451.804,501.711,465.004>
DEBUG:root:<LTRect 20.511,428.884,770.990,440.283>
DEBUG:root:<LTRect 149.391,417.604,283.311,429.004>
DEBUG:root:<LTRect 335.151,417.604,390.471,429.004>
DEBUG:root:<LTRect 441.111,417.604,640.791,429.004>
DEBUG:root:<LTRect 441.111,406.324,501.711,417.724>
DEBUG:root:<LTRect 441.111,395.044,501.711,406.444>
DEBUG:root:<LTRect 441.111,383.764,501.711,395.164>
DEBUG:root:<LTRect 441.111,372.484,501.711,383.884>
DEBUG:root:<LTRect 441.111,359.404,501.711,372.604>
DEBUG:root:<LTRect 441.111,348.124,501.711,359.524>
DEBUG:root:<LTRect 441.111,336.844,501.711,348.244>
DEBUG:root:<LTRect 20.511,313.924,770.990,325.324>
DEBUG:root:<LTRect 20.511,302.644,688.311,314.044>
DEBUG:root:<LTRect 283.191,291.364,335.271,302.764>
DEBUG:root:<LTRect 390.351,291.364,501.711,302.764>
DEBUG:root:<LTRect 283.191,278.284,335.271,291.484>
DEBUG:root:<LTRect 390.351,278.284,501.711,291.484>
DEBUG:root:<LTRect 283.191,267.004,335.271,278.404>
DEBUG:root:<LTRect 390.351,267.004,501.711,278.404>
DEBUG:root:<LTRect 283.191,255.724,335.271,267.124>
DEBUG:root:<LTRect 390.351,255.724,501.711,267.124>
DEBUG:root:<LTRect 283.191,244.084,335.271,255.844>
DEBUG:root:<LTRect 390.351,244.084,441.231,255.844>
DEBUG:root:<LTRect 20.511,232.804,770.990,244.204>
DEBUG:root:<LTRect 20.511,149.884,770.990,161.283>
DEBUG:root:<LTRect 149.391,138.604,283.311,150.004>
DEBUG:root:<LTRect 335.151,138.604,390.471,150.004>
DEBUG:root:<LTRect 441.111,138.604,640.791,150.004>
DEBUG:root:<LTRect 441.111,128.764,501.711,138.724>
DEBUG:root:<LTRect 441.111,115.684,501.711,128.884>
DEBUG:root:<LTRect 20.511,92.764,770.990,104.164>
DEBUG:root:<LTRect 552.951,513.124,553.431,588.004>
DEBUG:root:<LTRect 640.431,513.124,640.911,579.124>
DEBUG:root:<LTRect 687.951,513.124,688.431,579.124>
DEBUG:root:<LTRect 727.071,513.124,727.552,579.124>
DEBUG:root:<LTRect 149.151,488.044,149.631,512.164>
DEBUG:root:<LTRect 217.311,488.044,217.792,512.164>
DEBUG:root:<LTRect 282.951,488.044,283.431,512.164>
DEBUG:root:<LTRect 334.911,488.044,335.391,512.164>
DEBUG:root:<LTRect 390.111,488.044,390.592,512.164>
DEBUG:root:<LTRect 440.871,488.044,441.352,512.164>
DEBUG:root:<LTRect 501.351,488.044,501.832,512.164>
DEBUG:root:<LTRect 552.951,488.044,553.431,512.164>
DEBUG:root:<LTRect 640.431,488.044,640.911,512.164>
DEBUG:root:<LTRect 687.951,488.044,688.431,512.164>
DEBUG:root:<LTRect 727.071,488.044,727.552,512.164>
DEBUG:root:<LTRect 149.151,440.764,149.631,475.804>
DEBUG:root:<LTRect 217.311,440.764,217.792,475.804>
DEBUG:root:<LTRect 282.951,440.764,283.431,475.804>
DEBUG:root:<LTRect 334.911,440.764,335.391,475.804>
DEBUG:root:<LTRect 390.111,440.764,390.592,475.804>
DEBUG:root:<LTRect 440.871,440.764,441.352,475.804>
DEBUG:root:<LTRect 501.351,440.764,501.832,475.804>
DEBUG:root:<LTRect 552.951,440.764,553.431,475.804>
DEBUG:root:<LTRect 640.431,440.764,640.911,475.804>
DEBUG:root:<LTRect 687.951,440.764,688.431,475.804>
DEBUG:root:<LTRect 727.071,440.764,727.552,475.804>
DEBUG:root:<LTRect 149.151,325.804,149.631,428.525>
DEBUG:root:<LTRect 217.311,325.804,217.792,428.525>
DEBUG:root:<LTRect 282.951,325.804,283.431,428.525>
DEBUG:root:<LTRect 334.911,325.804,335.391,428.525>
DEBUG:root:<LTRect 390.111,325.804,390.592,428.525>
DEBUG:root:<LTRect 440.871,325.804,441.352,428.525>
DEBUG:root:<LTRect 501.351,325.804,501.832,428.525>
DEBUG:root:<LTRect 552.951,325.804,553.431,428.525>
DEBUG:root:<LTRect 640.431,325.804,640.911,428.525>
DEBUG:root:<LTRect 687.951,325.804,688.431,428.525>
DEBUG:root:<LTRect 727.071,325.804,727.552,428.525>
DEBUG:root:<LTRect 149.151,244.684,149.631,313.564>
DEBUG:root:<LTRect 217.311,244.684,217.792,313.564>
DEBUG:root:<LTRect 282.951,244.684,283.431,313.564>
DEBUG:root:<LTRect 334.911,244.684,335.391,313.564>
DEBUG:root:<LTRect 390.111,244.684,390.592,313.564>
DEBUG:root:<LTRect 440.871,244.684,441.352,313.564>
DEBUG:root:<LTRect 501.351,244.684,501.832,313.564>
DEBUG:root:<LTRect 552.951,244.684,553.431,313.564>
DEBUG:root:<LTRect 640.431,244.684,640.911,313.564>
DEBUG:root:<LTRect 687.951,244.684,688.431,313.564>
DEBUG:root:<LTRect 727.071,244.684,727.552,313.564>
DEBUG:root:<LTRect 19.551,149.524,20.511,588.963>
DEBUG:root:<LTRect 149.151,161.764,149.631,232.444>
DEBUG:root:<LTRect 217.311,161.764,217.792,232.444>
DEBUG:root:<LTRect 282.951,161.764,283.431,232.444>
DEBUG:root:<LTRect 334.911,161.764,335.391,232.444>
DEBUG:root:<LTRect 390.111,161.764,390.592,232.444>
DEBUG:root:<LTRect 440.871,161.764,441.352,232.444>
DEBUG:root:<LTRect 501.351,161.764,501.832,232.444>
DEBUG:root:<LTRect 552.951,161.764,553.431,232.444>
DEBUG:root:<LTRect 640.431,161.764,640.911,232.444>
DEBUG:root:<LTRect 687.951,161.764,688.431,232.444>
DEBUG:root:<LTRect 727.071,161.764,727.552,232.444>
DEBUG:root:<LTRect 19.791,129.124,20.271,149.524>
DEBUG:root:<LTRect 149.151,104.644,149.631,149.524>
DEBUG:root:<LTRect 217.311,104.644,217.792,149.524>
DEBUG:root:<LTRect 282.951,104.644,283.431,149.524>
DEBUG:root:<LTRect 334.911,104.644,335.391,149.524>
DEBUG:root:<LTRect 390.111,104.644,390.592,149.524>
DEBUG:root:<LTRect 440.871,104.644,441.352,149.524>
DEBUG:root:<LTRect 501.351,104.644,501.832,149.524>
DEBUG:root:<LTRect 552.951,104.644,553.431,149.524>
DEBUG:root:<LTRect 640.431,104.644,640.911,149.524>
DEBUG:root:<LTRect 687.951,104.644,688.431,149.524>
DEBUG:root:<LTRect 727.071,104.644,727.552,149.524>
DEBUG:root:<LTRect 19.551,58.804,20.511,129.124>
DEBUG:root:<LTRect 552.951,58.804,553.431,92.404>
DEBUG:root:<LTRect 770.391,58.804,771.350,588.004>
DEBUG:root:<LTRect 640.431,58.804,640.911,92.404>
DEBUG:root:<LTRect 687.951,58.804,688.431,92.404>
DEBUG:root:<LTRect 727.071,58.804,727.552,92.404>
DEBUG:root:<LTRect 149.151,58.804,149.631,92.404>
DEBUG:root:<LTRect 217.311,58.804,217.792,92.404>
DEBUG:root:<LTRect 282.951,58.804,283.431,92.404>
DEBUG:root:<LTRect 334.911,58.804,335.391,92.404>
DEBUG:root:<LTRect 390.111,58.804,390.592,92.404>
DEBUG:root:<LTRect 440.871,58.804,441.352,92.404>
DEBUG:root:<LTRect 501.351,58.804,501.832,92.404>
DEBUG:root:<LTRect 20.511,588.004,771.350,588.963>
DEBUG:root:<LTRect 553.431,579.124,770.391,579.604>
DEBUG:root:<LTRect 640.911,570.004,770.391,570.484>
DEBUG:root:<LTRect 640.911,560.884,770.391,561.365>
DEBUG:root:<LTRect 640.911,551.764,770.391,552.244>
DEBUG:root:<LTRect 640.911,542.644,770.391,543.124>
DEBUG:root:<LTRect 640.911,533.524,770.391,534.005>
DEBUG:root:<LTRect 640.911,524.404,770.391,524.884>
DEBUG:root:<LTRect 20.511,512.164,771.350,513.124>
DEBUG:root:<LTRect 20.511,487.084,771.350,488.044>
DEBUG:root:<LTRect 20.511,475.804,771.350,476.764>
DEBUG:root:<LTRect 20.511,464.764,770.391,465.245>
DEBUG:root:<LTRect 20.511,451.684,770.391,452.164>
DEBUG:root:<LTRect 20.511,439.804,771.350,440.764>
DEBUG:root:<LTRect 20.511,428.524,771.350,429.483>
DEBUG:root:<LTRect 20.511,417.484,770.391,417.964>
DEBUG:root:<LTRect 20.511,406.204,770.391,406.684>
DEBUG:root:<LTRect 20.511,394.924,770.391,395.405>
DEBUG:root:<LTRect 20.511,383.644,770.391,384.124>
DEBUG:root:<LTRect 20.511,372.364,770.391,372.844>
DEBUG:root:<LTRect 20.511,359.284,770.391,359.765>
DEBUG:root:<LTRect 20.511,348.004,770.391,348.484>
DEBUG:root:<LTRect 20.511,336.724,770.391,337.204>
DEBUG:root:<LTRect 20.511,324.844,771.350,325.803>
DEBUG:root:<LTRect 20.511,313.564,771.350,314.524>
DEBUG:root:<LTRect 20.511,302.524,770.391,303.004>
DEBUG:root:<LTRect 20.511,291.244,770.391,291.725>
DEBUG:root:<LTRect 20.511,278.164,770.391,278.644>
DEBUG:root:<LTRect 20.511,266.884,770.391,267.364>
DEBUG:root:<LTRect 20.511,255.604,770.391,256.085>
DEBUG:root:<LTRect 20.511,243.724,771.350,244.684>
DEBUG:root:<LTRect 20.511,232.444,771.350,233.404>
DEBUG:root:<LTRect 20.511,219.604,770.391,220.085>
DEBUG:root:<LTRect 20.511,208.324,770.391,208.804>
DEBUG:root:<LTRect 20.511,195.244,770.391,195.724>
DEBUG:root:<LTRect 20.511,183.964,770.391,184.445>
DEBUG:root:<LTRect 20.511,172.684,770.391,173.164>
DEBUG:root:<LTRect 20.511,160.804,771.350,161.764>
DEBUG:root:<LTRect 20.511,149.524,771.350,150.483>
DEBUG:root:<LTRect 20.271,138.484,770.391,138.964>
DEBUG:root:<LTRect 20.511,128.644,770.391,129.124>
DEBUG:root:<LTRect 20.511,115.564,770.391,116.045>
DEBUG:root:<LTRect 20.511,103.684,771.350,104.644>
DEBUG:root:<LTRect 20.511,92.404,771.350,93.364>
DEBUG:root:<LTRect 20.511,81.364,770.391,81.845>
DEBUG:root:<LTRect 20.511,70.084,770.391,70.564>
DEBUG:root:<LTRect 20.511,58.804,770.391,59.284>
DEBUG:root:<LTRect 20.511,563.044,770.990,587.764>
DEBUG:root:<LTRect 19.551,562.444,20.511,588.724>
DEBUG:root:<LTRect 149.151,563.644,149.631,587.764>
DEBUG:root:<LTRect 217.311,563.644,217.792,587.764>
DEBUG:root:<LTRect 282.951,563.644,283.431,587.764>
DEBUG:root:<LTRect 334.911,563.644,335.391,587.764>
DEBUG:root:<LTRect 390.111,563.644,390.592,587.764>
DEBUG:root:<LTRect 440.871,563.644,441.352,587.764>
DEBUG:root:<LTRect 501.351,563.644,501.832,587.764>
DEBUG:root:<LTRect 552.951,563.644,553.431,587.764>
DEBUG:root:<LTRect 640.431,563.644,640.911,587.764>
DEBUG:root:<LTRect 687.951,563.644,688.431,587.764>
DEBUG:root:<LTRect 727.071,563.644,727.552,587.764>
DEBUG:root:<LTRect 770.391,562.444,771.350,587.764>
DEBUG:root:<LTRect 20.511,587.764,771.350,588.724>
DEBUG:root:<LTRect 20.511,562.684,771.350,563.644>
DEBUG:root:<LTRect 217.551,426.364,283.311,561.724>
DEBUG:root:<LTRect 335.151,426.364,390.470,561.724>
DEBUG:root:<LTRect 501.591,426.364,553.311,561.724>
DEBUG:root:<LTRect 20.511,415.084,770.990,426.484>
DEBUG:root:<LTRect 149.391,403.444,283.311,415.204>
DEBUG:root:<LTRect 335.151,403.444,390.471,415.204>
DEBUG:root:<LTRect 441.111,403.444,640.791,415.204>
DEBUG:root:<LTRect 149.391,392.164,283.311,403.564>
DEBUG:root:<LTRect 335.151,392.164,390.471,403.564>
DEBUG:root:<LTRect 441.111,392.164,640.791,403.564>
DEBUG:root:<LTRect 149.391,380.884,283.311,392.284>
DEBUG:root:<LTRect 335.151,380.884,390.471,392.284>
DEBUG:root:<LTRect 441.111,380.884,640.791,392.284>
DEBUG:root:<LTRect 688.191,380.884,727.431,392.284>
DEBUG:root:<LTRect 149.391,369.604,283.311,381.004>
DEBUG:root:<LTRect 335.151,369.604,390.471,381.004>
DEBUG:root:<LTRect 441.111,369.604,640.791,381.004>
DEBUG:root:<LTRect 688.191,369.604,727.431,381.004>
DEBUG:root:<LTRect 149.391,358.324,283.311,369.724>
DEBUG:root:<LTRect 335.151,358.324,390.471,369.724>
DEBUG:root:<LTRect 441.111,358.324,640.791,369.724>
DEBUG:root:<LTRect 688.191,358.324,727.431,369.724>
DEBUG:root:<LTRect 149.391,347.044,283.311,358.444>
DEBUG:root:<LTRect 335.151,347.044,390.471,358.444>
DEBUG:root:<LTRect 441.111,347.044,640.791,358.444>
DEBUG:root:<LTRect 149.391,335.764,283.311,347.164>
DEBUG:root:<LTRect 335.151,335.764,390.471,347.164>
DEBUG:root:<LTRect 441.111,335.764,640.791,347.164>
DEBUG:root:<LTRect 149.391,324.484,283.311,335.884>
DEBUG:root:<LTRect 335.151,324.484,390.471,335.884>
DEBUG:root:<LTRect 441.111,324.484,640.791,335.884>
DEBUG:root:<LTRect 149.391,313.204,283.311,324.604>
DEBUG:root:<LTRect 335.151,313.204,390.471,324.604>
DEBUG:root:<LTRect 441.111,313.204,640.791,324.604>
DEBUG:root:<LTRect 149.391,301.924,283.311,313.324>
DEBUG:root:<LTRect 335.151,301.924,390.471,313.324>
DEBUG:root:<LTRect 441.111,301.924,640.791,313.324>
DEBUG:root:<LTRect 149.391,290.644,283.311,302.044>
DEBUG:root:<LTRect 335.151,290.644,390.471,302.044>
DEBUG:root:<LTRect 441.111,290.644,640.791,302.044>
DEBUG:root:<LTRect 149.391,279.364,283.311,290.764>
DEBUG:root:<LTRect 335.151,279.364,390.471,290.764>
DEBUG:root:<LTRect 441.111,279.364,640.791,290.764>
DEBUG:root:<LTRect 149.391,268.084,283.311,279.484>
DEBUG:root:<LTRect 335.151,268.084,390.471,279.484>
DEBUG:root:<LTRect 441.111,268.084,640.791,279.484>
DEBUG:root:<LTRect 441.111,256.444,501.711,268.204>
DEBUG:root:<LTRect 20.511,244.804,770.990,256.564>
DEBUG:root:<LTRect 441.351,561.964,501.831,562.445>
DEBUG:root:<LTRect 149.151,426.964,149.631,562.204>
DEBUG:root:<LTRect 217.311,426.964,217.792,562.204>
DEBUG:root:<LTRect 282.951,426.964,283.431,562.204>
DEBUG:root:<LTRect 334.911,426.964,335.391,562.204>
DEBUG:root:<LTRect 390.111,426.964,390.592,562.204>
DEBUG:root:<LTRect 440.871,426.964,441.352,562.445>
DEBUG:root:<LTRect 501.351,426.964,501.832,561.964>
DEBUG:root:<LTRect 552.951,426.964,553.431,562.204>
DEBUG:root:<LTRect 640.431,426.964,640.911,562.445>
DEBUG:root:<LTRect 687.951,426.964,688.431,561.964>
DEBUG:root:<LTRect 727.071,426.964,727.552,561.964>
DEBUG:root:<LTRect 20.511,403.324,687.951,403.804>
DEBUG:root:<LTRect 687.951,404.044,688.431,414.723>
DEBUG:root:<LTRect 727.071,404.044,727.552,414.723>
DEBUG:root:<LTRect 149.151,257.044,149.631,414.724>
DEBUG:root:<LTRect 217.311,257.044,217.792,414.724>
DEBUG:root:<LTRect 282.951,257.044,283.431,414.724>
DEBUG:root:<LTRect 334.911,257.044,335.391,414.724>
DEBUG:root:<LTRect 390.111,257.044,390.592,414.724>
DEBUG:root:<LTRect 440.871,257.044,441.352,414.724>
DEBUG:root:<LTRect 501.351,257.044,501.832,414.724>
DEBUG:root:<LTRect 552.951,257.044,553.431,414.724>
DEBUG:root:<LTRect 640.431,257.044,640.911,414.724>
DEBUG:root:<LTRect 687.951,257.044,688.431,403.084>
DEBUG:root:<LTRect 727.071,257.044,727.552,403.084>
DEBUG:root:<LTRect 19.551,233.164,20.511,562.204>
DEBUG:root:<LTRect 770.391,198.964,771.350,562.444>
DEBUG:root:<LTRect 19.551,58.924,20.511,71.044>
DEBUG:root:<LTRect 148.911,244.444,149.871,256.085>
DEBUG:root:<LTRect 217.071,244.444,218.030,256.085>
DEBUG:root:<LTRect 282.711,244.444,283.671,256.085>
DEBUG:root:<LTRect 334.671,244.444,335.631,256.085>
DEBUG:root:<LTRect 389.871,244.444,390.830,256.085>
DEBUG:root:<LTRect 440.631,244.444,441.590,256.085>
DEBUG:root:<LTRect 501.111,244.444,502.070,256.085>
DEBUG:root:<LTRect 552.711,244.444,553.671,256.085>
DEBUG:root:<LTRect 640.191,244.444,641.151,256.085>
DEBUG:root:<LTRect 687.711,244.444,688.671,256.085>
DEBUG:root:<LTRect 726.831,244.444,727.790,256.085>
DEBUG:root:<LTRect 770.391,58.924,771.350,71.044>
DEBUG:root:<LTRect 640.911,561.964,770.391,562.445>
DEBUG:root:<LTRect 20.511,550.684,770.391,551.164>
DEBUG:root:<LTRect 20.511,539.404,770.391,539.884>
DEBUG:root:<LTRect 20.511,528.124,770.391,528.605>
DEBUG:root:<LTRect 20.511,516.844,770.391,517.324>
DEBUG:root:<LTRect 20.511,505.564,770.391,506.044>
DEBUG:root:<LTRect 20.511,494.284,770.391,494.765>
DEBUG:root:<LTRect 20.511,483.004,770.391,483.484>
DEBUG:root:<LTRect 20.511,471.724,770.391,472.204>
DEBUG:root:<LTRect 20.511,460.444,770.391,460.925>
DEBUG:root:<LTRect 20.511,449.164,770.391,449.644>
DEBUG:root:<LTRect 20.511,437.884,770.391,438.364>
DEBUG:root:<LTRect 20.511,426.004,771.350,426.963>
DEBUG:root:<LTRect 20.511,414.724,771.350,415.684>
DEBUG:root:<LTRect 687.951,403.084,771.350,404.044>
DEBUG:root:<LTRect 20.511,392.044,770.391,392.525>
DEBUG:root:<LTRect 20.511,380.764,770.391,381.244>
DEBUG:root:<LTRect 20.511,369.484,770.391,369.964>
DEBUG:root:<LTRect 20.511,358.204,770.391,358.685>
DEBUG:root:<LTRect 20.511,346.924,770.391,347.404>
DEBUG:root:<LTRect 20.511,335.644,770.391,336.124>
DEBUG:root:<LTRect 20.511,324.364,770.391,324.845>
DEBUG:root:<LTRect 20.511,313.084,770.391,313.564>
DEBUG:root:<LTRect 20.511,301.804,770.391,302.284>
DEBUG:root:<LTRect 20.511,290.524,770.391,291.005>
DEBUG:root:<LTRect 20.511,279.244,770.391,279.724>
DEBUG:root:<LTRect 20.511,267.964,770.391,268.444>
DEBUG:root:<LTRect 20.511,256.084,771.350,257.043>
DEBUG:root:<LTRect 20.511,244.444,771.350,245.404>
DEBUG:root:<LTRect 20.511,58.924,771.350,59.884>
DEBUG:root:<LTRect 129.231,464.284,686.030,510.124>
DEBUG:root:<LTRect 129.231,350.524,294.471,464.404>
DEBUG:root:<LTRect 129.231,326.644,686.030,350.643>
DEBUG:root:<LTRect 129.231,302.164,686.030,326.764>
DEBUG:root:<LTRect 129.231,231.964,686.030,277.804>
DEBUG:root:<LTRect 129.231,132.604,294.471,232.084>
DEBUG:root:<LTRect 129.231,113.764,686.030,132.724>
DEBUG:root:<LTRect 129.231,96.364,686.030,113.884>
DEBUG:root:<LTRect 129.231,78.244,294.471,96.484>
DEBUG:root:<LTRect 627.111,78.244,686.030,96.483>
DEBUG:root:<LTRect 128.751,326.284,129.711,510.604>
DEBUG:root:<LTRect 293.871,326.284,294.831,509.644>
DEBUG:root:<LTRect 379.311,326.284,380.271,509.644>
DEBUG:root:<LTRect 476.751,326.284,477.711,509.644>
DEBUG:root:<LTRect 552.471,326.284,553.431,509.644>
DEBUG:root:<LTRect 626.631,326.284,627.591,509.644>
DEBUG:root:<LTRect 685.431,326.284,686.390,509.644>
DEBUG:root:<LTRect 128.751,113.404,129.711,278.284>
DEBUG:root:<LTRect 293.871,113.404,294.831,277.325>
DEBUG:root:<LTRect 379.311,113.404,380.271,277.325>
DEBUG:root:<LTRect 476.751,113.404,477.711,277.325>
DEBUG:root:<LTRect 552.471,113.404,553.431,277.325>
DEBUG:root:<LTRect 626.631,113.404,627.591,277.325>
DEBUG:root:<LTRect 685.431,113.404,686.390,277.325>
DEBUG:root:<LTRect 129.711,509.644,686.391,510.604>
DEBUG:root:<LTRect 129.711,463.924,686.391,464.884>
DEBUG:root:<LTRect 129.711,432.004,686.391,432.964>
DEBUG:root:<LTRect 129.711,412.444,686.391,413.404>
DEBUG:root:<LTRect 129.711,390.724,686.391,391.683>
DEBUG:root:<LTRect 129.711,371.164,686.391,372.124>
DEBUG:root:<LTRect 129.711,350.164,686.391,351.124>
DEBUG:root:<LTRect 129.711,326.284,686.391,327.243>
DEBUG:root:<LTRect 129.711,277.324,686.391,278.283>
DEBUG:root:<LTRect 129.711,231.604,686.391,232.563>
DEBUG:root:<LTRect 129.711,201.124,686.391,202.084>
DEBUG:root:<LTRect 129.711,185.884,686.391,186.843>
DEBUG:root:<LTRect 129.711,170.644,686.391,171.604>
DEBUG:root:<LTRect 129.711,151.084,686.391,152.044>
DEBUG:root:<LTRect 129.711,132.244,686.391,133.203>
DEBUG:root:<LTRect 129.711,113.404,686.391,114.364>
DEBUG:root:String table length: 1
DEBUG:root:<LTRect 28.311,579.004,550.191,587.523>
DEBUG:root:<LTRect 550.071,579.004,763.311,587.523>
DEBUG:root:<LTRect 28.311,513.964,550.191,579.124>
DEBUG:root:<LTRect 550.071,513.964,763.311,579.124>
DEBUG:root:<LTRect 28.311,489.484,763.311,514.084>
DEBUG:root:<LTRect 28.311,478.444,763.311,489.604>
DEBUG:root:<LTRect 28.311,467.404,720.712,478.564>
DEBUG:root:<LTRect 440.391,454.684,499.671,467.524>
DEBUG:root:<LTRect 28.311,432.244,763.311,443.404>
DEBUG:root:<LTRect 154.551,421.204,285.711,432.364>
DEBUG:root:<LTRect 336.471,421.204,390.711,432.364>
DEBUG:root:<LTRect 440.391,421.204,635.871,432.364>
DEBUG:root:<LTRect 440.391,410.164,499.671,421.324>
DEBUG:root:<LTRect 440.391,399.124,499.671,410.284>
DEBUG:root:<LTRect 440.391,388.084,499.671,399.244>
DEBUG:root:<LTRect 440.391,377.044,499.671,388.204>
DEBUG:root:<LTRect 440.391,364.324,499.671,377.164>
DEBUG:root:<LTRect 440.391,353.284,499.671,364.444>
DEBUG:root:<LTRect 440.391,342.244,499.671,353.404>
DEBUG:root:<LTRect 28.311,319.804,763.311,330.964>
DEBUG:root:<LTRect 28.311,308.764,682.431,319.924>
DEBUG:root:<LTRect 285.591,297.724,336.591,308.884>
DEBUG:root:<LTRect 390.591,297.724,499.671,308.884>
DEBUG:root:<LTRect 285.591,285.004,336.591,297.844>
DEBUG:root:<LTRect 390.591,285.004,499.671,297.844>
DEBUG:root:<LTRect 285.591,273.964,336.591,285.124>
DEBUG:root:<LTRect 390.591,273.964,499.671,285.124>
DEBUG:root:<LTRect 285.591,262.924,336.591,274.084>
DEBUG:root:<LTRect 390.591,262.924,499.671,274.084>
DEBUG:root:<LTRect 285.591,251.524,336.591,263.044>
DEBUG:root:<LTRect 390.591,251.524,440.511,263.044>
DEBUG:root:<LTRect 28.311,240.484,763.311,251.644>
DEBUG:root:<LTRect 28.311,159.484,763.311,170.644>
DEBUG:root:<LTRect 154.551,148.444,285.711,159.604>
DEBUG:root:<LTRect 336.471,148.444,390.711,159.604>
DEBUG:root:<LTRect 440.391,148.444,635.871,159.604>
DEBUG:root:<LTRect 440.391,138.844,499.671,148.564>
DEBUG:root:<LTRect 440.391,126.124,499.671,138.964>
DEBUG:root:<LTRect 28.311,103.684,763.311,114.844>
DEBUG:root:<LTRect 221.271,59.524,285.711,70.684>
DEBUG:root:<LTRect 336.471,59.524,390.711,70.684>
DEBUG:root:<LTRect 499.551,59.524,550.191,70.684>
DEBUG:root:<LTRect 549.831,514.564,550.311,587.523>
DEBUG:root:<LTRect 635.511,514.564,635.991,578.883>
DEBUG:root:<LTRect 682.071,514.564,682.552,578.883>
DEBUG:root:<LTRect 720.351,514.564,720.831,578.883>
DEBUG:root:<LTRect 154.311,490.084,154.792,513.604>
DEBUG:root:<LTRect 221.031,490.084,221.511,513.604>
DEBUG:root:<LTRect 285.351,490.084,285.832,513.604>
DEBUG:root:<LTRect 336.231,490.084,336.711,513.604>
DEBUG:root:<LTRect 390.351,490.084,390.831,513.604>
DEBUG:root:<LTRect 440.151,490.084,440.632,513.604>
DEBUG:root:<LTRect 499.311,490.084,499.791,513.604>
DEBUG:root:<LTRect 549.831,490.084,550.311,513.604>
DEBUG:root:<LTRect 635.511,490.084,635.991,513.604>
DEBUG:root:<LTRect 682.071,490.084,682.552,513.604>
DEBUG:root:<LTRect 720.351,490.084,720.831,513.604>
DEBUG:root:<LTRect 154.311,443.884,154.792,478.084>
DEBUG:root:<LTRect 221.031,443.884,221.511,478.084>
DEBUG:root:<LTRect 285.351,443.884,285.832,478.084>
DEBUG:root:<LTRect 336.231,443.884,336.711,478.084>
DEBUG:root:<LTRect 390.351,443.884,390.831,478.084>
DEBUG:root:<LTRect 440.151,443.884,440.632,478.084>
DEBUG:root:<LTRect 499.311,443.884,499.791,478.084>
DEBUG:root:<LTRect 549.831,443.884,550.311,478.084>
DEBUG:root:<LTRect 635.511,443.884,635.991,478.084>
DEBUG:root:<LTRect 682.071,443.884,682.552,478.084>
DEBUG:root:<LTRect 720.351,443.884,720.831,478.084>
DEBUG:root:<LTRect 154.311,331.444,154.792,431.884>
DEBUG:root:<LTRect 221.031,331.444,221.511,431.884>
DEBUG:root:<LTRect 285.351,331.444,285.832,431.884>
DEBUG:root:<LTRect 336.231,331.444,336.711,431.884>
DEBUG:root:<LTRect 390.351,331.444,390.831,431.884>
DEBUG:root:<LTRect 440.151,331.444,440.632,431.884>
DEBUG:root:<LTRect 499.311,331.444,499.791,431.884>
DEBUG:root:<LTRect 549.831,331.444,550.311,431.884>
DEBUG:root:<LTRect 635.511,331.444,635.991,431.884>
DEBUG:root:<LTRect 682.071,331.444,682.552,431.884>
DEBUG:root:<LTRect 720.351,331.444,720.831,431.884>
DEBUG:root:<LTRect 154.311,252.124,154.792,319.444>
DEBUG:root:<LTRect 221.031,252.124,221.511,319.444>
DEBUG:root:<LTRect 285.351,252.124,285.832,319.444>
DEBUG:root:<LTRect 336.231,252.124,336.711,319.444>
DEBUG:root:<LTRect 390.351,252.124,390.831,319.444>
DEBUG:root:<LTRect 440.151,252.124,440.632,319.444>
DEBUG:root:<LTRect 499.311,252.124,499.791,319.444>
DEBUG:root:<LTRect 549.831,252.124,550.311,319.444>
DEBUG:root:<LTRect 635.511,252.124,635.991,319.444>
DEBUG:root:<LTRect 682.071,252.124,682.552,319.444>
DEBUG:root:<LTRect 720.351,252.124,720.831,319.444>
DEBUG:root:<LTRect 27.351,159.124,28.310,588.484>
DEBUG:root:<LTRect 154.311,171.124,154.792,240.123>
DEBUG:root:<LTRect 221.031,171.124,221.511,240.123>
DEBUG:root:<LTRect 285.351,171.124,285.832,240.123>
DEBUG:root:<LTRect 336.231,171.124,336.711,240.123>
DEBUG:root:<LTRect 390.351,171.124,390.831,240.123>
DEBUG:root:<LTRect 440.151,171.124,440.632,240.123>
DEBUG:root:<LTRect 499.311,171.124,499.791,240.123>
DEBUG:root:<LTRect 549.831,171.124,550.311,240.123>
DEBUG:root:<LTRect 635.511,171.124,635.991,240.123>
DEBUG:root:<LTRect 682.071,171.124,682.552,240.123>
DEBUG:root:<LTRect 720.351,171.124,720.831,240.123>
DEBUG:root:<LTRect 27.591,139.204,28.072,159.124>
DEBUG:root:<LTRect 154.311,115.324,154.792,159.123>
DEBUG:root:<LTRect 221.031,115.324,221.511,159.123>
DEBUG:root:<LTRect 285.351,115.324,285.832,159.123>
DEBUG:root:<LTRect 336.231,115.324,336.711,159.123>
DEBUG:root:<LTRect 390.351,115.324,390.831,159.123>
DEBUG:root:<LTRect 440.151,115.324,440.632,159.123>
DEBUG:root:<LTRect 499.311,115.324,499.791,159.123>
DEBUG:root:<LTRect 549.831,115.324,550.311,159.123>
DEBUG:root:<LTRect 635.511,115.324,635.991,159.123>
DEBUG:root:<LTRect 682.071,115.324,682.552,159.123>
DEBUG:root:<LTRect 720.351,115.324,720.831,159.123>
DEBUG:root:<LTRect 27.351,59.404,28.310,139.204>
DEBUG:root:<LTRect 549.831,59.404,550.311,103.324>
DEBUG:root:<LTRect 762.711,59.404,763.671,587.524>
DEBUG:root:<LTRect 635.511,59.404,635.991,103.324>
DEBUG:root:<LTRect 682.071,59.404,682.552,103.324>
DEBUG:root:<LTRect 720.351,59.404,720.831,103.324>
DEBUG:root:<LTRect 154.311,59.404,154.792,103.324>
DEBUG:root:<LTRect 221.031,59.404,221.511,103.324>
DEBUG:root:<LTRect 285.351,59.404,285.832,103.324>
DEBUG:root:<LTRect 336.231,59.404,336.711,103.324>
DEBUG:root:<LTRect 390.351,59.404,390.831,103.324>
DEBUG:root:<LTRect 440.151,59.404,440.632,103.324>
DEBUG:root:<LTRect 499.311,59.404,499.791,103.324>
DEBUG:root:<LTRect 28.311,587.524,763.671,588.484>
DEBUG:root:<LTRect 550.311,578.884,762.711,579.365>
DEBUG:root:<LTRect 635.991,570.004,762.711,570.484>
DEBUG:root:<LTRect 635.991,561.124,762.711,561.604>
DEBUG:root:<LTRect 635.991,552.244,762.711,552.725>
DEBUG:root:<LTRect 635.991,543.364,762.711,543.844>
DEBUG:root:<LTRect 635.991,534.484,762.711,534.964>
DEBUG:root:<LTRect 635.991,525.604,762.711,526.085>
DEBUG:root:<LTRect 28.311,513.604,763.671,514.564>
DEBUG:root:<LTRect 28.311,489.124,763.671,490.084>
DEBUG:root:<LTRect 28.311,478.084,763.671,479.044>
DEBUG:root:<LTRect 28.311,467.284,762.711,467.765>
DEBUG:root:<LTRect 28.311,454.564,762.711,455.044>
DEBUG:root:<LTRect 28.311,442.924,763.671,443.883>
DEBUG:root:<LTRect 28.311,431.884,763.671,432.844>
DEBUG:root:<LTRect 28.311,421.084,762.711,421.564>
DEBUG:root:<LTRect 28.311,410.044,762.711,410.525>
DEBUG:root:<LTRect 28.311,399.004,762.711,399.484>
DEBUG:root:<LTRect 28.311,387.964,762.711,388.444>
DEBUG:root:<LTRect 28.311,376.924,762.711,377.405>
DEBUG:root:<LTRect 28.311,364.204,762.711,364.684>
DEBUG:root:<LTRect 28.311,353.164,762.711,353.645>
DEBUG:root:<LTRect 28.311,342.124,762.711,342.604>
DEBUG:root:<LTRect 28.311,330.484,763.671,331.444>
DEBUG:root:<LTRect 28.311,319.444,763.671,320.403>
DEBUG:root:<LTRect 28.311,308.644,762.711,309.124>
DEBUG:root:<LTRect 28.311,297.604,762.711,298.084>
DEBUG:root:<LTRect 28.311,284.884,762.711,285.364>
DEBUG:root:<LTRect 28.311,273.844,762.711,274.324>
DEBUG:root:<LTRect 28.311,262.804,762.711,263.285>
DEBUG:root:<LTRect 28.311,251.164,763.671,252.124>
DEBUG:root:<LTRect 28.311,240.124,763.671,241.084>
DEBUG:root:<LTRect 28.311,227.644,762.711,228.124>
DEBUG:root:<LTRect 28.311,216.604,762.711,217.084>
DEBUG:root:<LTRect 28.311,203.884,762.711,204.364>
DEBUG:root:<LTRect 28.311,192.844,762.711,193.324>
DEBUG:root:<LTRect 28.311,181.804,762.711,182.285>
DEBUG:root:<LTRect 28.311,170.164,763.671,171.124>
DEBUG:root:<LTRect 28.311,159.124,763.671,160.084>
DEBUG:root:<LTRect 28.071,148.324,762.710,148.805>
DEBUG:root:<LTRect 28.311,138.724,762.711,139.204>
DEBUG:root:<LTRect 28.311,126.004,762.711,126.485>
DEBUG:root:<LTRect 28.311,114.364,763.671,115.324>
DEBUG:root:<LTRect 28.311,103.324,763.671,104.284>
DEBUG:root:<LTRect 28.311,92.524,762.711,93.005>
DEBUG:root:<LTRect 28.311,81.484,762.711,81.964>
DEBUG:root:<LTRect 28.311,70.444,762.711,70.924>
DEBUG:root:<LTRect 28.311,59.404,762.711,59.885>
DEBUG:root:<LTRect 28.311,558.244,763.311,582.364>
DEBUG:root:<LTRect 27.351,557.644,28.310,583.325>
DEBUG:root:<LTRect 154.311,558.844,154.792,582.364>
DEBUG:root:<LTRect 221.031,558.844,221.511,582.364>
DEBUG:root:<LTRect 285.351,558.844,285.832,582.364>
DEBUG:root:<LTRect 336.231,558.844,336.711,582.364>
DEBUG:root:<LTRect 390.351,558.844,390.831,582.364>
DEBUG:root:<LTRect 440.151,558.844,440.632,582.364>
DEBUG:root:<LTRect 499.311,558.844,499.791,582.364>
DEBUG:root:<LTRect 549.831,558.844,550.311,582.364>
DEBUG:root:<LTRect 635.511,558.844,635.991,582.364>
DEBUG:root:<LTRect 682.071,558.844,682.552,582.364>
DEBUG:root:<LTRect 720.351,558.844,720.831,582.364>
DEBUG:root:<LTRect 762.711,557.644,763.671,582.364>
DEBUG:root:<LTRect 28.311,582.364,763.671,583.324>
DEBUG:root:<LTRect 28.311,557.884,763.671,558.844>
DEBUG:root:<LTRect 221.271,435.484,285.711,556.924>
DEBUG:root:<LTRect 336.471,435.484,390.711,556.924>
DEBUG:root:<LTRect 499.551,435.484,550.191,556.924>
DEBUG:root:<LTRect 28.311,424.444,763.311,435.604>
DEBUG:root:<LTRect 154.551,413.044,285.711,424.564>
DEBUG:root:<LTRect 336.471,413.044,390.711,424.564>
DEBUG:root:<LTRect 440.391,413.044,635.871,424.564>
DEBUG:root:<LTRect 154.551,402.004,285.711,413.164>
DEBUG:root:<LTRect 336.471,402.004,390.711,413.164>
DEBUG:root:<LTRect 440.391,402.004,635.871,413.164>
DEBUG:root:<LTRect 154.551,390.964,285.711,402.124>
DEBUG:root:<LTRect 336.471,390.964,390.711,402.124>
DEBUG:root:<LTRect 440.391,390.964,635.871,402.124>
DEBUG:root:<LTRect 682.311,390.964,720.711,402.124>
DEBUG:root:<LTRect 154.551,379.924,285.711,391.084>
DEBUG:root:<LTRect 336.471,379.924,390.711,391.084>
DEBUG:root:<LTRect 440.391,379.924,635.871,391.084>
DEBUG:root:<LTRect 682.311,379.924,720.711,391.084>
DEBUG:root:<LTRect 154.551,368.884,285.711,380.044>
DEBUG:root:<LTRect 336.471,368.884,390.711,380.044>
DEBUG:root:<LTRect 440.391,368.884,635.871,380.044>
DEBUG:root:<LTRect 682.311,368.884,720.711,380.044>
DEBUG:root:<LTRect 154.551,357.844,285.711,369.004>
DEBUG:root:<LTRect 336.471,357.844,390.711,369.004>
DEBUG:root:<LTRect 440.391,357.844,635.871,369.004>
DEBUG:root:<LTRect 154.551,346.804,285.711,357.964>
DEBUG:root:<LTRect 336.471,346.804,390.711,357.964>
DEBUG:root:<LTRect 440.391,346.804,635.871,357.964>
DEBUG:root:<LTRect 154.551,335.764,285.711,346.924>
DEBUG:root:<LTRect 336.471,335.764,390.711,346.924>
DEBUG:root:<LTRect 440.391,335.764,635.871,346.924>
DEBUG:root:<LTRect 154.551,324.724,285.711,335.884>
DEBUG:root:<LTRect 336.471,324.724,390.711,335.884>
DEBUG:root:<LTRect 440.391,324.724,635.871,335.884>
DEBUG:root:<LTRect 154.551,313.684,285.711,324.844>
DEBUG:root:<LTRect 336.471,313.684,390.711,324.844>
DEBUG:root:<LTRect 440.391,313.684,635.871,324.844>
DEBUG:root:<LTRect 154.551,302.644,285.711,313.804>
DEBUG:root:<LTRect 336.471,302.644,390.711,313.804>
DEBUG:root:<LTRect 440.391,302.644,635.871,313.804>
DEBUG:root:<LTRect 154.551,291.604,285.711,302.764>
DEBUG:root:<LTRect 336.471,291.604,390.711,302.764>
DEBUG:root:<LTRect 440.391,291.604,635.871,302.764>
DEBUG:root:<LTRect 154.551,280.564,285.711,291.724>
DEBUG:root:<LTRect 336.471,280.564,390.711,291.724>
DEBUG:root:<LTRect 440.391,280.564,635.871,291.724>
DEBUG:root:<LTRect 440.391,269.164,499.671,280.684>
DEBUG:root:<LTRect 28.311,257.764,763.311,269.284>
DEBUG:root:<LTRect 28.311,557.164,154.792,557.644>
DEBUG:root:<LTRect 440.631,557.164,499.791,557.644>
DEBUG:root:<LTRect 154.311,436.084,154.792,557.164>
DEBUG:root:<LTRect 221.031,436.084,221.511,557.404>
DEBUG:root:<LTRect 285.351,436.084,285.832,557.404>
DEBUG:root:<LTRect 336.231,436.084,336.711,557.404>
DEBUG:root:<LTRect 390.351,436.084,390.831,557.404>
DEBUG:root:<LTRect 440.151,436.084,440.632,557.643>
DEBUG:root:<LTRect 499.311,436.084,499.791,557.164>
DEBUG:root:<LTRect 549.831,436.084,550.311,557.404>
DEBUG:root:<LTRect 635.511,436.084,635.991,557.643>
DEBUG:root:<LTRect 682.071,436.084,682.552,557.164>
DEBUG:root:<LTRect 720.351,436.084,720.831,557.164>
DEBUG:root:<LTRect 28.311,412.924,682.071,413.405>
DEBUG:root:<LTRect 682.071,413.644,682.552,424.084>
DEBUG:root:<LTRect 720.351,413.644,720.831,424.084>
DEBUG:root:<LTRect 154.311,269.764,154.792,424.083>
DEBUG:root:<LTRect 221.031,269.764,221.511,424.083>
DEBUG:root:<LTRect 285.351,269.764,285.832,424.083>
DEBUG:root:<LTRect 336.231,269.764,336.711,424.083>
DEBUG:root:<LTRect 390.351,269.764,390.831,424.083>
DEBUG:root:<LTRect 440.151,269.764,440.632,424.083>
DEBUG:root:<LTRect 499.311,269.764,499.791,424.083>
DEBUG:root:<LTRect 549.831,269.764,550.311,424.083>
DEBUG:root:<LTRect 635.511,269.764,635.991,424.083>
DEBUG:root:<LTRect 682.071,269.764,682.552,412.684>
DEBUG:root:<LTRect 720.351,269.764,720.831,412.684>
DEBUG:root:<LTRect 27.351,246.364,28.310,557.643>
DEBUG:root:<LTRect 762.711,212.884,763.671,557.643>
DEBUG:root:<LTRect 27.351,64.324,28.310,76.204>
DEBUG:root:<LTRect 154.071,257.404,155.030,268.804>
DEBUG:root:<LTRect 220.791,257.404,221.751,268.804>
DEBUG:root:<LTRect 285.111,257.404,286.070,268.804>
DEBUG:root:<LTRect 335.991,257.404,336.951,268.804>
DEBUG:root:<LTRect 390.111,257.404,391.071,268.804>
DEBUG:root:<LTRect 439.911,257.404,440.870,268.804>
DEBUG:root:<LTRect 499.071,257.404,500.031,268.804>
DEBUG:root:<LTRect 549.591,257.404,550.551,268.804>
DEBUG:root:<LTRect 635.271,257.404,636.231,268.804>
DEBUG:root:<LTRect 681.831,257.404,682.790,268.804>
DEBUG:root:<LTRect 720.111,257.404,721.071,268.804>
DEBUG:root:<LTRect 762.711,64.324,763.671,76.204>
DEBUG:root:<LTRect 635.991,557.164,762.711,557.644>
DEBUG:root:<LTRect 28.311,546.124,762.711,546.605>
DEBUG:root:<LTRect 28.311,535.084,762.711,535.564>
DEBUG:root:<LTRect 28.311,524.044,762.711,524.524>
DEBUG:root:<LTRect 28.311,513.004,762.711,513.485>
DEBUG:root:<LTRect 28.311,501.964,762.711,502.444>
DEBUG:root:<LTRect 28.311,490.924,762.711,491.404>
DEBUG:root:<LTRect 28.311,479.884,762.711,480.365>
DEBUG:root:<LTRect 28.311,468.844,762.711,469.324>
DEBUG:root:<LTRect 28.311,457.804,762.711,458.284>
DEBUG:root:<LTRect 28.311,446.764,762.711,447.245>
DEBUG:root:<LTRect 28.311,435.124,763.671,436.084>
DEBUG:root:<LTRect 28.311,424.084,763.671,425.044>
DEBUG:root:<LTRect 682.071,412.684,763.671,413.643>
DEBUG:root:<LTRect 28.311,401.884,762.711,402.364>
DEBUG:root:<LTRect 28.311,390.844,762.711,391.324>
DEBUG:root:<LTRect 28.311,379.804,762.711,380.285>
DEBUG:root:<LTRect 28.311,368.764,762.711,369.244>
DEBUG:root:<LTRect 28.311,357.724,762.711,358.204>
DEBUG:root:<LTRect 28.311,346.684,762.711,347.165>
DEBUG:root:<LTRect 28.311,335.644,762.711,336.124>
DEBUG:root:<LTRect 28.311,324.604,762.711,325.084>
DEBUG:root:<LTRect 28.311,313.564,762.711,314.045>
DEBUG:root:<LTRect 28.311,302.524,762.711,303.004>
DEBUG:root:<LTRect 28.311,291.484,762.711,291.964>
DEBUG:root:<LTRect 28.311,280.444,762.711,280.925>
DEBUG:root:<LTRect 28.311,268.804,763.671,269.764>
DEBUG:root:<LTRect 28.311,257.404,763.671,258.364>
DEBUG:root:<LTRect 28.311,64.324,763.671,65.284>
DEBUG:root:<LTRect 129.231,464.284,686.030,510.124>
DEBUG:root:<LTRect 129.231,350.524,294.471,464.404>
DEBUG:root:<LTRect 129.231,326.644,686.030,350.643>
DEBUG:root:<LTRect 129.231,302.164,686.030,326.764>
DEBUG:root:<LTRect 129.231,231.964,686.030,277.804>
DEBUG:root:<LTRect 129.231,132.604,294.471,232.084>
DEBUG:root:<LTRect 129.231,113.764,686.030,132.724>
DEBUG:root:<LTRect 129.231,96.364,686.030,113.884>
DEBUG:root:<LTRect 129.231,78.244,294.471,96.484>
DEBUG:root:<LTRect 627.111,78.244,686.030,96.483>
DEBUG:root:<LTRect 128.751,326.284,129.711,510.604>
DEBUG:root:<LTRect 293.871,326.284,294.831,509.644>
DEBUG:root:<LTRect 379.311,326.284,380.271,509.644>
DEBUG:root:<LTRect 476.751,326.284,477.711,509.644>
DEBUG:root:<LTRect 552.471,326.284,553.431,509.644>
DEBUG:root:<LTRect 626.631,326.284,627.591,509.644>
DEBUG:root:<LTRect 685.431,326.284,686.390,509.644>
DEBUG:root:<LTRect 128.751,113.404,129.711,278.284>
DEBUG:root:<LTRect 293.871,113.404,294.831,277.325>
DEBUG:root:<LTRect 379.311,113.404,380.271,277.325>
DEBUG:root:<LTRect 476.751,113.404,477.711,277.325>
DEBUG:root:<LTRect 552.471,113.404,553.431,277.325>
DEBUG:root:<LTRect 626.631,113.404,627.591,277.325>
DEBUG:root:<LTRect 685.431,113.404,686.390,277.325>
DEBUG:root:<LTRect 129.711,509.644,686.391,510.604>
DEBUG:root:<LTRect 129.711,463.924,686.391,464.884>
DEBUG:root:<LTRect 129.711,432.004,686.391,432.964>
DEBUG:root:<LTRect 129.711,412.444,686.391,413.404>
DEBUG:root:<LTRect 129.711,390.724,686.391,391.683>
DEBUG:root:<LTRect 129.711,371.164,686.391,372.124>
DEBUG:root:<LTRect 129.711,350.164,686.391,351.124>
DEBUG:root:<LTRect 129.711,326.284,686.391,327.243>
DEBUG:root:<LTRect 129.711,277.324,686.391,278.283>
DEBUG:root:<LTRect 129.711,231.604,686.391,232.563>
DEBUG:root:<LTRect 129.711,201.124,686.391,202.084>
DEBUG:root:<LTRect 129.711,185.884,686.391,186.843>
DEBUG:root:<LTRect 129.711,170.644,686.391,171.604>
DEBUG:root:<LTRect 129.711,151.084,686.391,152.044>
DEBUG:root:<LTRect 129.711,132.244,686.391,133.203>
DEBUG:root:<LTRect 129.711,113.404,686.391,114.364>
DEBUG:root:String table length: 1
