DEBUG:root:START ROW
DEBUG:root:(265.8, 500.0708, 525.3297600000001, 508.9916) Casos nuevos de Fiebre por dengue (A90) por mes de ocurrencia
DEBUG:root:END ROW
DEBUG:root:START ROW
DEBUG:root:(330.26, 487.1108, 460.91696, 496.03159999999997) Estados Unidos Mexicanos 2011
DEBUG:root:END ROW
DEBUG:root:START ROW
DEBUG:root:(359.81, 473.7908, 431.5796, 482.7116) Población General
DEBUG:root:END ROW
DEBUG:root:START ROW
DEBUG:root:(433.63, 459.1592, 487.06624, 466.1684) Mes de ocurrencia
DEBUG:root:END ROW
DEBUG:root:START ROW
DEBUG:root:(119.57, 453.7592, 139.2908, 460.76840000000004) Estado
DEBUG:root:(186.22, 453.3992, 201.3076, 460.40840000000003) Total
DEBUG:root:END ROW
DEBUG:root:START ROW
DEBUG:root:(226.18, 447.6392, 239.08168, 454.64840000000004) ENE
DEBUG:root:(267.96, 447.6392, 279.79247999999995, 454.64840000000004) FEB
DEBUG:root:(307.94, 447.6392, 322.74248, 454.64840000000004) MAR
DEBUG:root:(350.45, 447.6392, 363.44672, 454.64840000000004) ABR
DEBUG:root:(390.79, 447.6392, 405.74296000000004, 454.64840000000004) MAY
DEBUG:root:(433.63, 447.6392, 446.04064, 454.64840000000004) JUN
DEBUG:root:(475.42, 447.6392, 486.64264000000003, 454.64840000000004) JUL
DEBUG:root:(515.4, 447.6392, 529.6322399999999, 454.64840000000004) AGO
DEBUG:root:(558.26, 447.6392, 569.59352, 454.64840000000004) SEP
DEBUG:root:(598.61, 447.6392, 611.90768, 454.64840000000004) OCT
DEBUG:root:(639.65, 447.6392, 654.16736, 454.64840000000004) NOV
DEBUG:root:(682.51, 447.6392, 693.93856, 454.64840000000004) DIC
DEBUG:root:END ROW
DEBUG:root:START ROW
DEBUG:root:(83.928, 436.8392, 127.90776, 443.8484) Aguascalientes
DEBUG:root:(190.18, 436.8392, 197.8196, 443.8484)   3
DEBUG:root:(229.06, 436.8392, 236.6996, 443.8484)   0
DEBUG:root:(270.48, 436.8392, 278.1196, 443.8484)   0
DEBUG:root:(311.9, 436.8392, 319.53959999999995, 443.8484)   0
DEBUG:root:(353.33, 436.8392, 360.96959999999996, 443.8484)   1
DEBUG:root:(394.75, 436.8392, 402.3896, 443.8484)   0
DEBUG:root:(436.15, 436.8392, 443.78959999999995, 443.8484)   0
DEBUG:root:(477.58, 436.8392, 485.21959999999996, 443.8484)   0
DEBUG:root:(519.0, 436.8392, 526.6396000000001, 443.8484)   0
DEBUG:root:(560.42, 436.8392, 568.0596, 443.8484)   0
DEBUG:root:(601.85, 436.8392, 609.4896000000001, 443.8484)   0
DEBUG:root:(643.25, 436.8392, 650.8896000000001, 443.8484)   1
DEBUG:root:(684.67, 436.8392, 692.3096, 443.8484)   1
DEBUG:root:END ROW
DEBUG:root:START ROW
DEBUG:root:(83.928, 426.7392, 125.8248, 433.7484) Baja California
DEBUG:root:(188.02, 426.7392, 199.94752, 433.7484)   20
DEBUG:root:(229.06, 426.7392, 236.6996, 433.7484)   0
DEBUG:root:(270.48, 426.7392, 278.1196, 433.7484)   0
DEBUG:root:(311.9, 426.7392, 319.53959999999995, 433.7484)   1
DEBUG:root:(351.17, 426.7392, 362.74904000000004, 433.7484)   11
DEBUG:root:(394.75, 426.7392, 402.3896, 433.7484)   2
DEBUG:root:(436.15, 426.7392, 443.78959999999995, 433.7484)   0
DEBUG:root:(477.58, 426.7392, 485.21959999999996, 433.7484)   5
DEBUG:root:(519.0, 426.7392, 526.6396000000001, 433.7484)   0
DEBUG:root:(560.42, 426.7392, 568.0596, 433.7484)   0
DEBUG:root:(601.85, 426.7392, 609.4896000000001, 433.7484)   0
DEBUG:root:(643.25, 426.7392, 650.8896000000001, 433.7484)   0
DEBUG:root:(684.67, 426.7392, 692.3096, 433.7484)   1
DEBUG:root:END ROW
DEBUG:root:START ROW
DEBUG:root:(83.928, 416.6592, 136.92072, 423.6684) Baja California Sur
DEBUG:root:(188.02, 416.6592, 199.94752, 423.6684)   63
DEBUG:root:(226.9, 416.6592, 238.47904, 423.6684)   16
DEBUG:root:(270.48, 416.6592, 278.1196, 423.6684)   4
DEBUG:root:(311.9, 416.6592, 319.53959999999995, 423.6684)   1
DEBUG:root:(353.33, 416.6592, 360.96959999999996, 423.6684)   1
DEBUG:root:(394.75, 416.6592, 402.3896, 423.6684)   0
DEBUG:root:(436.15, 416.6592, 443.78959999999995, 423.6684)   3
DEBUG:root:(477.58, 416.6592, 485.21959999999996, 423.6684)   2
DEBUG:root:(519.0, 416.6592, 526.6396000000001, 423.6684)   2
DEBUG:root:(560.42, 416.6592, 568.0596, 423.6684)   2
DEBUG:root:(601.85, 416.6592, 609.4896000000001, 423.6684)   7
DEBUG:root:(641.09, 416.6592, 652.6690400000001, 423.6684)   22
DEBUG:root:(684.67, 416.6592, 692.3096, 423.6684)   3
DEBUG:root:END ROW
DEBUG:root:START ROW
DEBUG:root:(83.928, 406.5792, 114.4596, 413.58840000000004) Campeche
DEBUG:root:(185.86, 406.5792, 202.096, 413.58840000000004)   935
DEBUG:root:(226.9, 406.5792, 238.47904, 413.58840000000004)   14
DEBUG:root:(268.32, 406.5792, 279.89904, 413.58840000000004)   19
DEBUG:root:(309.74, 406.5792, 321.31904000000003, 413.58840000000004)   14
DEBUG:root:(351.17, 406.5792, 362.74904000000004, 413.58840000000004)   12
DEBUG:root:(392.59, 406.5792, 404.16904, 413.58840000000004)   24
DEBUG:root:(433.99, 406.5792, 445.56904000000003, 413.58840000000004)   18
DEBUG:root:(475.42, 406.5792, 486.99904000000004, 413.58840000000004)   30
DEBUG:root:(516.84, 406.5792, 528.4190400000001, 413.58840000000004)   65
DEBUG:root:(558.26, 406.5792, 569.8390400000001, 413.58840000000004)   89
DEBUG:root:(597.89, 406.5792, 613.42904, 413.58840000000004)   276
DEBUG:root:(639.29, 406.5792, 654.82904, 413.58840000000004)   285
DEBUG:root:(682.51, 406.5792, 694.0890400000001, 413.58840000000004)   89
DEBUG:root:END ROW
DEBUG:root:START ROW
DEBUG:root:(83.928, 396.4992, 108.97103999999999, 403.5084) Coahuila
DEBUG:root:(190.18, 396.4992, 197.8196, 403.5084)   5
DEBUG:root:(229.06, 396.4992, 236.6996, 403.5084)   0
DEBUG:root:(270.48, 396.4992, 278.1196, 403.5084)   0
DEBUG:root:(311.9, 396.4992, 319.53959999999995, 403.5084)   0
DEBUG:root:(353.33, 396.4992, 360.96959999999996, 403.5084)   3
DEBUG:root:(394.75, 396.4992, 402.3896, 403.5084)   0
DEBUG:root:(436.15, 396.4992, 443.78959999999995, 403.5084)   0
DEBUG:root:(477.58, 396.4992, 485.21959999999996, 403.5084)   1
DEBUG:root:(519.0, 396.4992, 526.6396000000001, 403.5084)   1
DEBUG:root:(560.42, 396.4992, 568.0596, 403.5084)   0
DEBUG:root:(601.85, 396.4992, 609.4896000000001, 403.5084)   0
DEBUG:root:(643.25, 396.4992, 650.8896000000001, 403.5084)   0
DEBUG:root:(684.67, 396.4992, 692.3096, 403.5084)   0
DEBUG:root:END ROW
DEBUG:root:START ROW
DEBUG:root:(83.928, 386.3992, 104.29823999999999, 393.40840000000003) Colima
DEBUG:root:(185.86, 386.3992, 202.096, 393.40840000000003)   373
DEBUG:root:(226.9, 386.3992, 238.47904, 393.40840000000003)   20
DEBUG:root:(268.32, 386.3992, 279.89904, 393.40840000000003)   22
DEBUG:root:(309.74, 386.3992, 321.31904000000003, 393.40840000000003)   30
DEBUG:root:(351.17, 386.3992, 362.74904000000004, 393.40840000000003)   30
DEBUG:root:(392.59, 386.3992, 404.16904, 393.40840000000003)   39
DEBUG:root:(433.99, 386.3992, 445.56904000000003, 393.40840000000003)   40
DEBUG:root:(475.42, 386.3992, 486.99904000000004, 393.40840000000003)   24
DEBUG:root:(516.84, 386.3992, 528.4190400000001, 393.40840000000003)   37
DEBUG:root:(558.26, 386.3992, 569.8390400000001, 393.40840000000003)   36
DEBUG:root:(599.69, 386.3992, 611.2690400000001, 393.40840000000003)   46
DEBUG:root:(641.09, 386.3992, 652.6690400000001, 393.40840000000003)   29
DEBUG:root:(682.51, 386.3992, 694.0890400000001, 393.40840000000003)   20
DEBUG:root:END ROW
DEBUG:root:START ROW
DEBUG:root:(83.928, 376.3192, 106.34952, 383.32840000000004) Chiapas
DEBUG:root:(185.86, 376.3192, 202.096, 383.32840000000004)   665
DEBUG:root:(226.9, 376.3192, 238.47904, 383.32840000000004)   34
DEBUG:root:(268.32, 376.3192, 279.89904, 383.32840000000004)   20
DEBUG:root:(309.74, 376.3192, 321.31904000000003, 383.32840000000004)   26
DEBUG:root:(351.17, 376.3192, 362.74904000000004, 383.32840000000004)   39
DEBUG:root:(392.59, 376.3192, 404.16904, 383.32840000000004)   71
DEBUG:root:(433.99, 376.3192, 445.56904000000003, 383.32840000000004)   57
DEBUG:root:(475.42, 376.3192, 486.99904000000004, 383.32840000000004)   61
DEBUG:root:(515.04, 376.3192, 530.57904, 383.32840000000004)   100
DEBUG:root:(556.46, 376.3192, 571.99904, 383.32840000000004)   105
DEBUG:root:(599.69, 376.3192, 611.2690400000001, 383.32840000000004)   94
DEBUG:root:(641.09, 376.3192, 652.6690400000001, 383.32840000000004)   48
DEBUG:root:(682.51, 376.3192, 694.0890400000001, 383.32840000000004)   10
DEBUG:root:END ROW
DEBUG:root:START ROW
DEBUG:root:(83.928, 366.2392, 114.37248, 373.2484) Chihuahua
DEBUG:root:(190.18, 366.2392, 197.8196, 373.2484)   0
DEBUG:root:(229.06, 366.2392, 236.6996, 373.2484)   0
DEBUG:root:(270.48, 366.2392, 278.1196, 373.2484)   0
DEBUG:root:(311.9, 366.2392, 319.53959999999995, 373.2484)   0
DEBUG:root:(353.33, 366.2392, 360.96959999999996, 373.2484)   0
DEBUG:root:(394.75, 366.2392, 402.3896, 373.2484)   0
DEBUG:root:(436.15, 366.2392, 443.78959999999995, 373.2484)   0
DEBUG:root:(477.58, 366.2392, 485.21959999999996, 373.2484)   0
DEBUG:root:(519.0, 366.2392, 526.6396000000001, 373.2484)   0
DEBUG:root:(560.42, 366.2392, 568.0596, 373.2484)   0
DEBUG:root:(601.85, 366.2392, 609.4896000000001, 373.2484)   0
DEBUG:root:(643.25, 366.2392, 650.8896000000001, 373.2484)   0
DEBUG:root:(684.67, 366.2392, 692.3096, 373.2484)   0
DEBUG:root:END ROW
DEBUG:root:START ROW
DEBUG:root:(83.928, 356.1592, 129.53928, 363.1684) Distrito Federal
DEBUG:root:(190.18, 356.1592, 197.8196, 363.1684)   0
DEBUG:root:(229.06, 356.1592, 236.6996, 363.1684)   0
DEBUG:root:(270.48, 356.1592, 278.1196, 363.1684)   0
DEBUG:root:(311.9, 356.1592, 319.53959999999995, 363.1684)   0
DEBUG:root:(353.33, 356.1592, 360.96959999999996, 363.1684)   0
DEBUG:root:(394.75, 356.1592, 402.3896, 363.1684)   0
DEBUG:root:(436.15, 356.1592, 443.78959999999995, 363.1684)   0
DEBUG:root:(477.58, 356.1592, 485.21959999999996, 363.1684)   0
DEBUG:root:(519.0, 356.1592, 526.6396000000001, 363.1684)   0
DEBUG:root:(560.42, 356.1592, 568.0596, 363.1684)   0
DEBUG:root:(601.85, 356.1592, 609.4896000000001, 363.1684)   0
DEBUG:root:(643.25, 356.1592, 650.8896000000001, 363.1684)   0
DEBUG:root:(684.67, 356.1592, 692.3096, 363.1684)   0
DEBUG:root:END ROW
DEBUG:root:START ROW
DEBUG:root:(83.928, 346.0492, 108.68592, 353.0584) Durango
DEBUG:root:(188.02, 346.0492, 199.94752, 353.0584)   12
DEBUG:root:(229.06, 346.0492, 236.6996, 353.0584)   0
DEBUG:root:(270.48, 346.0492, 278.1196, 353.0584)   1
DEBUG:root:(311.9, 346.0492, 319.53959999999995, 353.0584)   0
DEBUG:root:(353.33, 346.0492, 360.96959999999996, 353.0584)   0
DEBUG:root:(394.75, 346.0492, 402.3896, 353.0584)   1
DEBUG:root:(436.15, 346.0492, 443.78959999999995, 353.0584)   2
DEBUG:root:(477.58, 346.0492, 485.21959999999996, 353.0584)   1
DEBUG:root:(519.0, 346.0492, 526.6396000000001, 353.0584)   1
DEBUG:root:(560.42, 346.0492, 568.0596, 353.0584)   0
DEBUG:root:(601.85, 346.0492, 609.4896000000001, 353.0584)   6
DEBUG:root:(643.25, 346.0492, 650.8896000000001, 353.0584)   0
DEBUG:root:(684.67, 346.0492, 692.3096, 353.0584)   0
DEBUG:root:END ROW
DEBUG:root:START ROW
DEBUG:root:(83.928, 335.9692, 116.93856, 342.9784) Guanajuato
DEBUG:root:(190.18, 335.9692, 197.8196, 342.9784)   0
DEBUG:root:(229.06, 335.9692, 236.6996, 342.9784)   0
DEBUG:root:(270.48, 335.9692, 278.1196, 342.9784)   0
DEBUG:root:(311.9, 335.9692, 319.53959999999995, 342.9784)   0
DEBUG:root:(353.33, 335.9692, 360.96959999999996, 342.9784)   0
DEBUG:root:(394.75, 335.9692, 402.3896, 342.9784)   0
DEBUG:root:(436.15, 335.9692, 443.78959999999995, 342.9784)   0
DEBUG:root:(477.58, 335.9692, 485.21959999999996, 342.9784)   0
DEBUG:root:(519.0, 335.9692, 526.6396000000001, 342.9784)   0
DEBUG:root:(560.42, 335.9692, 568.0596, 342.9784)   0
DEBUG:root:(601.85, 335.9692, 609.4896000000001, 342.9784)   0
DEBUG:root:(643.25, 335.9692, 650.8896000000001, 342.9784)   0
DEBUG:root:(684.67, 335.9692, 692.3096, 342.9784)   0
DEBUG:root:END ROW
DEBUG:root:START ROW
DEBUG:root:(83.928, 325.8892, 109.40664, 332.89840000000004) Guerrero
DEBUG:root:(185.86, 325.8892, 202.096, 332.89840000000004)   710
DEBUG:root:(226.9, 325.8892, 238.47904, 332.89840000000004)   29
DEBUG:root:(268.32, 325.8892, 279.89904, 332.89840000000004)   19
DEBUG:root:(309.74, 325.8892, 321.31904000000003, 332.89840000000004)   31
DEBUG:root:(351.17, 325.8892, 362.74904000000004, 332.89840000000004)   37
DEBUG:root:(392.59, 325.8892, 404.16904, 332.89840000000004)   29
DEBUG:root:(433.99, 325.8892, 445.56904000000003, 332.89840000000004)   51
DEBUG:root:(473.62, 325.8892, 489.15904, 332.89840000000004)   118
DEBUG:root:(515.04, 325.8892, 530.57904, 332.89840000000004)   109
DEBUG:root:(556.46, 325.8892, 571.99904, 332.89840000000004)   111
DEBUG:root:(599.69, 325.8892, 611.2690400000001, 332.89840000000004)   98
DEBUG:root:(641.09, 325.8892, 652.6690400000001, 332.89840000000004)   64
DEBUG:root:(682.51, 325.8892, 694.0890400000001, 332.89840000000004)   14
DEBUG:root:END ROW
DEBUG:root:START ROW
DEBUG:root:(83.928, 315.8092, 106.51583999999998, 322.8184) Hidalgo
DEBUG:root:(188.02, 315.8092, 199.94752, 322.8184)   50
DEBUG:root:(229.06, 315.8092, 236.6996, 322.8184)   1
DEBUG:root:(270.48, 315.8092, 278.1196, 322.8184)   0
DEBUG:root:(311.9, 315.8092, 319.53959999999995, 322.8184)   3
DEBUG:root:(353.33, 315.8092, 360.96959999999996, 322.8184)   0
DEBUG:root:(394.75, 315.8092, 402.3896, 322.8184)   0
DEBUG:root:(436.15, 315.8092, 443.78959999999995, 322.8184)   0
DEBUG:root:(477.58, 315.8092, 485.21959999999996, 322.8184)   5
DEBUG:root:(519.0, 315.8092, 526.6396000000001, 322.8184)   9
DEBUG:root:(560.42, 315.8092, 568.0596, 322.8184)   8
DEBUG:root:(601.85, 315.8092, 609.4896000000001, 322.8184)   5
DEBUG:root:(641.09, 315.8092, 652.6690400000001, 322.8184)   18
DEBUG:root:(684.67, 315.8092, 692.3096, 322.8184)   1
DEBUG:root:END ROW
DEBUG:root:START ROW
DEBUG:root:(83.928, 305.7092, 102.91224, 312.71840000000003) Jalisco
DEBUG:root:(185.86, 305.7092, 202.096, 312.71840000000003)   219
DEBUG:root:(226.9, 305.7092, 238.47904, 312.71840000000003)   11
DEBUG:root:(268.32, 305.7092, 279.89904, 312.71840000000003)   12
DEBUG:root:(309.74, 305.7092, 321.31904000000003, 312.71840000000003)   19
DEBUG:root:(351.17, 305.7092, 362.74904000000004, 312.71840000000003)   18
DEBUG:root:(392.59, 305.7092, 404.16904, 312.71840000000003)   18
DEBUG:root:(433.99, 305.7092, 445.56904000000003, 312.71840000000003)   21
DEBUG:root:(475.42, 305.7092, 486.99904000000004, 312.71840000000003)   30
DEBUG:root:(516.84, 305.7092, 528.4190400000001, 312.71840000000003)   24
DEBUG:root:(558.26, 305.7092, 569.8390400000001, 312.71840000000003)   16
DEBUG:root:(599.69, 305.7092, 611.2690400000001, 312.71840000000003)   22
DEBUG:root:(641.09, 305.7092, 652.6690400000001, 312.71840000000003)   21
DEBUG:root:(684.67, 305.7092, 692.3096, 312.71840000000003)   7
DEBUG:root:END ROW
DEBUG:root:START ROW
DEBUG:root:(83.928, 295.62919999999997, 105.81096, 302.6384) México
DEBUG:root:(190.18, 295.62919999999997, 197.8196, 302.6384)   6
DEBUG:root:(229.06, 295.62919999999997, 236.6996, 302.6384)   1
DEBUG:root:(270.48, 295.62919999999997, 278.1196, 302.6384)   1
DEBUG:root:(311.9, 295.62919999999997, 319.53959999999995, 302.6384)   0
DEBUG:root:(353.33, 295.62919999999997, 360.96959999999996, 302.6384)   0
DEBUG:root:(394.75, 295.62919999999997, 402.3896, 302.6384)   1
DEBUG:root:(436.15, 295.62919999999997, 443.78959999999995, 302.6384)   1
DEBUG:root:(477.58, 295.62919999999997, 485.21959999999996, 302.6384)   0
DEBUG:root:(519.0, 295.62919999999997, 526.6396000000001, 302.6384)   1
DEBUG:root:(560.42, 295.62919999999997, 568.0596, 302.6384)   0
DEBUG:root:(601.85, 295.62919999999997, 609.4896000000001, 302.6384)   0
DEBUG:root:(643.25, 295.62919999999997, 650.8896000000001, 302.6384)   0
DEBUG:root:(684.67, 295.62919999999997, 692.3096, 302.6384)   1
DEBUG:root:END ROW
DEBUG:root:START ROW
DEBUG:root:(83.928, 285.5492, 115.49712, 292.5584) Michoacán
DEBUG:root:(185.86, 285.5492, 202.096, 292.5584)   577
DEBUG:root:(226.9, 285.5492, 238.47904, 292.5584)   35
DEBUG:root:(268.32, 285.5492, 279.89904, 292.5584)   34
DEBUG:root:(309.74, 285.5492, 321.31904000000003, 292.5584)   48
DEBUG:root:(351.17, 285.5492, 362.74904000000004, 292.5584)   34
DEBUG:root:(392.59, 285.5492, 404.16904, 292.5584)   46
DEBUG:root:(433.99, 285.5492, 445.56904000000003, 292.5584)   28
DEBUG:root:(475.42, 285.5492, 486.99904000000004, 292.5584)   49
DEBUG:root:(516.84, 285.5492, 528.4190400000001, 292.5584)   56
DEBUG:root:(558.26, 285.5492, 569.8390400000001, 292.5584)   45
DEBUG:root:(597.89, 285.5492, 613.42904, 292.5584)   108
DEBUG:root:(641.09, 285.5492, 652.6690400000001, 292.5584)   79
DEBUG:root:(682.51, 285.5492, 694.0890400000001, 292.5584)   15
DEBUG:root:END ROW
DEBUG:root:START ROW
DEBUG:root:(83.928, 275.4692, 107.44247999999999, 282.4784) Morelos
DEBUG:root:(185.86, 275.4692, 202.096, 282.4784)   767
DEBUG:root:(226.9, 275.4692, 238.47904, 282.4784)   13
DEBUG:root:(268.32, 275.4692, 279.89904, 282.4784)   18
DEBUG:root:(311.9, 275.4692, 319.53959999999995, 282.4784)   9
DEBUG:root:(351.17, 275.4692, 362.74904000000004, 282.4784)   11
DEBUG:root:(392.59, 275.4692, 404.16904, 282.4784)   26
DEBUG:root:(433.99, 275.4692, 445.56904000000003, 282.4784)   54
DEBUG:root:(475.42, 275.4692, 486.99904000000004, 282.4784)   52
DEBUG:root:(515.04, 275.4692, 530.57904, 282.4784)   123
DEBUG:root:(556.46, 275.4692, 571.99904, 282.4784)   124
DEBUG:root:(597.89, 275.4692, 613.42904, 282.4784)   215
DEBUG:root:(641.09, 275.4692, 652.6690400000001, 282.4784)   82
DEBUG:root:(682.51, 275.4692, 694.0890400000001, 282.4784)   40
DEBUG:root:END ROW
DEBUG:root:START ROW
DEBUG:root:(83.928, 265.3592, 105.24864, 272.3684) Nayarit
DEBUG:root:(188.02, 265.3592, 199.94752, 272.3684)   54
DEBUG:root:(229.06, 265.3592, 236.6996, 272.3684)   0
DEBUG:root:(270.48, 265.3592, 278.1196, 272.3684)   0
DEBUG:root:(311.9, 265.3592, 319.53959999999995, 272.3684)   2
DEBUG:root:(353.33, 265.3592, 360.96959999999996, 272.3684)   5
DEBUG:root:(394.75, 265.3592, 402.3896, 272.3684)   4
DEBUG:root:(436.15, 265.3592, 443.78959999999995, 272.3684)   6
DEBUG:root:(477.58, 265.3592, 485.21959999999996, 272.3684)   3
DEBUG:root:(519.0, 265.3592, 526.6396000000001, 272.3684)   7
DEBUG:root:(560.42, 265.3592, 568.0596, 272.3684)   8
DEBUG:root:(599.69, 265.3592, 611.2690400000001, 272.3684)   13
DEBUG:root:(643.25, 265.3592, 650.8896000000001, 272.3684)   4
DEBUG:root:(684.67, 265.3592, 692.3096, 272.3684)   2
DEBUG:root:END ROW
DEBUG:root:START ROW
DEBUG:root:(83.928, 255.2792, 119.82144, 262.2884) Nuevo León
DEBUG:root:(185.86, 255.2792, 202.096, 262.2884)   715
DEBUG:root:(226.9, 255.2792, 238.47904, 262.2884)   26
DEBUG:root:(268.32, 255.2792, 279.89904, 262.2884)   46
DEBUG:root:(309.74, 255.2792, 321.31904000000003, 262.2884)   80
DEBUG:root:(351.17, 255.2792, 362.74904000000004, 262.2884)   46
DEBUG:root:(392.59, 255.2792, 404.16904, 262.2884)   57
DEBUG:root:(433.99, 255.2792, 445.56904000000003, 262.2884)   69
DEBUG:root:(475.42, 255.2792, 486.99904000000004, 262.2884)   88
DEBUG:root:(516.84, 255.2792, 528.4190400000001, 262.2884)   50
DEBUG:root:(558.26, 255.2792, 569.8390400000001, 262.2884)   63
DEBUG:root:(599.69, 255.2792, 611.2690400000001, 262.2884)   79
DEBUG:root:(641.09, 255.2792, 652.6690400000001, 262.2884)   90
DEBUG:root:(682.51, 255.2792, 694.0890400000001, 262.2884)   21
DEBUG:root:END ROW
DEBUG:root:START ROW
DEBUG:root:(83.928, 245.1992, 105.38328, 252.20839999999998) Oaxaca
DEBUG:root:(185.86, 245.1992, 202.096, 252.20839999999998)   950
DEBUG:root:(229.06, 245.1992, 236.6996, 252.20839999999998)   5
DEBUG:root:(268.32, 245.1992, 279.89904, 252.20839999999998)   24
DEBUG:root:(309.74, 245.1992, 321.31904000000003, 252.20839999999998)   31
DEBUG:root:(351.17, 245.1992, 362.74904000000004, 252.20839999999998)   25
DEBUG:root:(392.59, 245.1992, 404.16904, 252.20839999999998)   65
DEBUG:root:(433.99, 245.1992, 445.56904000000003, 252.20839999999998)   85
DEBUG:root:(473.62, 245.1992, 489.15904, 252.20839999999998)   128
DEBUG:root:(515.04, 245.1992, 530.57904, 252.20839999999998)   171
DEBUG:root:(556.46, 245.1992, 571.99904, 252.20839999999998)   125
DEBUG:root:(597.89, 245.1992, 613.42904, 252.20839999999998)   147
DEBUG:root:(639.29, 245.1992, 654.82904, 252.20839999999998)   124
DEBUG:root:(682.51, 245.1992, 694.0890400000001, 252.20839999999998)   20
DEBUG:root:END ROW
DEBUG:root:START ROW
DEBUG:root:(83.928, 235.1192, 103.59335999999999, 242.1284) Puebla
DEBUG:root:(185.86, 235.1192, 202.096, 242.1284)   174
DEBUG:root:(229.06, 235.1192, 236.6996, 242.1284)   5
DEBUG:root:(268.32, 235.1192, 279.89904, 242.1284)   10
DEBUG:root:(309.74, 235.1192, 321.31904000000003, 242.1284)   17
DEBUG:root:(351.17, 235.1192, 362.74904000000004, 242.1284)   12
DEBUG:root:(392.59, 235.1192, 404.16904, 242.1284)   25
DEBUG:root:(433.99, 235.1192, 445.56904000000003, 242.1284)   15
DEBUG:root:(475.42, 235.1192, 486.99904000000004, 242.1284)   22
DEBUG:root:(516.84, 235.1192, 528.4190400000001, 242.1284)   23
DEBUG:root:(558.26, 235.1192, 569.8390400000001, 242.1284)   17
DEBUG:root:(599.69, 235.1192, 611.2690400000001, 242.1284)   20
DEBUG:root:(643.25, 235.1192, 650.8896000000001, 242.1284)   6
DEBUG:root:(684.67, 235.1192, 692.3096, 242.1284)   2
DEBUG:root:END ROW
DEBUG:root:START ROW
DEBUG:root:(83.928, 225.01919999999998, 113.35079999999999, 232.02839999999998) Querétaro
DEBUG:root:(188.02, 225.01919999999998, 199.94752, 232.02839999999998)   76
DEBUG:root:(229.06, 225.01919999999998, 236.6996, 232.02839999999998)   0
DEBUG:root:(270.48, 225.01919999999998, 278.1196, 232.02839999999998)   0
DEBUG:root:(311.9, 225.01919999999998, 319.53959999999995, 232.02839999999998)   0
DEBUG:root:(353.33, 225.01919999999998, 360.96959999999996, 232.02839999999998)   1
DEBUG:root:(394.75, 225.01919999999998, 402.3896, 232.02839999999998)   0
DEBUG:root:(436.15, 225.01919999999998, 443.78959999999995, 232.02839999999998)   0
DEBUG:root:(477.58, 225.01919999999998, 485.21959999999996, 232.02839999999998)   1
DEBUG:root:(516.84, 225.01919999999998, 528.4190400000001, 232.02839999999998)   20
DEBUG:root:(558.26, 225.01919999999998, 569.8390400000001, 232.02839999999998)   46
DEBUG:root:(601.85, 225.01919999999998, 609.4896000000001, 232.02839999999998)   8
DEBUG:root:(643.25, 225.01919999999998, 650.8896000000001, 232.02839999999998)   0
DEBUG:root:(684.67, 225.01919999999998, 692.3096, 232.02839999999998)   0
DEBUG:root:END ROW
DEBUG:root:START ROW
DEBUG:root:(83.928, 214.9392, 123.75768, 221.9484) Quintana Roo
DEBUG:root:(183.7, 214.9392, 204.24447999999998, 221.9484)  1 762
DEBUG:root:(229.06, 214.9392, 236.6996, 221.9484)   7
DEBUG:root:(268.32, 214.9392, 279.89904, 221.9484)   10
DEBUG:root:(309.74, 214.9392, 321.31904000000003, 221.9484)   24
DEBUG:root:(351.17, 214.9392, 362.74904000000004, 221.9484)   31
DEBUG:root:(392.59, 214.9392, 404.16904, 221.9484)   43
DEBUG:root:(433.99, 214.9392, 445.56904000000003, 221.9484)   36
DEBUG:root:(473.62, 214.9392, 489.15904, 221.9484)   132
DEBUG:root:(515.04, 214.9392, 530.57904, 221.9484)   199
DEBUG:root:(556.46, 214.9392, 571.99904, 221.9484)   401
DEBUG:root:(597.89, 214.9392, 613.42904, 221.9484)   560
DEBUG:root:(639.29, 214.9392, 654.82904, 221.9484)   259
DEBUG:root:(682.51, 214.9392, 694.0890400000001, 221.9484)   60
DEBUG:root:END ROW
DEBUG:root:START ROW
DEBUG:root:(83.928, 204.8592, 128.19287999999997, 211.86839999999998) San Luis Potosí
DEBUG:root:(188.02, 204.8592, 199.94752, 211.86839999999998)   81
DEBUG:root:(229.06, 204.8592, 236.6996, 211.86839999999998)   7
DEBUG:root:(270.48, 204.8592, 278.1196, 211.86839999999998)   1
DEBUG:root:(311.9, 204.8592, 319.53959999999995, 211.86839999999998)   5
DEBUG:root:(351.17, 204.8592, 362.74904000000004, 211.86839999999998)   10
DEBUG:root:(394.75, 204.8592, 402.3896, 211.86839999999998)   6
DEBUG:root:(433.99, 204.8592, 445.56904000000003, 211.86839999999998)   10
DEBUG:root:(477.58, 204.8592, 485.21959999999996, 211.86839999999998)   6
DEBUG:root:(516.84, 204.8592, 528.4190400000001, 211.86839999999998)   11
DEBUG:root:(558.26, 204.8592, 569.8390400000001, 211.86839999999998)   18
DEBUG:root:(601.85, 204.8592, 609.4896000000001, 211.86839999999998)   7
DEBUG:root:(643.25, 204.8592, 650.8896000000001, 211.86839999999998)   0
DEBUG:root:(684.67, 204.8592, 692.3096, 211.86839999999998)   0
DEBUG:root:END ROW
DEBUG:root:START ROW
DEBUG:root:(83.928, 194.7792, 104.66256, 201.7884) Sinaloa
DEBUG:root:(188.02, 194.7792, 199.94752, 201.7884)   91
DEBUG:root:(229.06, 194.7792, 236.6996, 201.7884)   4
DEBUG:root:(270.48, 194.7792, 278.1196, 201.7884)   4
DEBUG:root:(311.9, 194.7792, 319.53959999999995, 201.7884)   4
DEBUG:root:(353.33, 194.7792, 360.96959999999996, 201.7884)   8
DEBUG:root:(392.59, 194.7792, 404.16904, 201.7884)   11
DEBUG:root:(436.15, 194.7792, 443.78959999999995, 201.7884)   5
DEBUG:root:(475.42, 194.7792, 486.99904000000004, 201.7884)   13
DEBUG:root:(516.84, 194.7792, 528.4190400000001, 201.7884)   20
DEBUG:root:(558.26, 194.7792, 569.8390400000001, 201.7884)   11
DEBUG:root:(601.85, 194.7792, 609.4896000000001, 201.7884)   4
DEBUG:root:(643.25, 194.7792, 650.8896000000001, 201.7884)   7
DEBUG:root:(684.67, 194.7792, 692.3096, 201.7884)   0
DEBUG:root:END ROW
DEBUG:root:START ROW
DEBUG:root:(83.928, 184.6792, 103.60127999999999, 191.6884) Sonora
DEBUG:root:(188.02, 184.6792, 199.94752, 191.6884)   87
DEBUG:root:(229.06, 184.6792, 236.6996, 191.6884)   6
DEBUG:root:(270.48, 184.6792, 278.1196, 191.6884)   0
DEBUG:root:(309.74, 184.6792, 321.31904000000003, 191.6884)   10
DEBUG:root:(353.33, 184.6792, 360.96959999999996, 191.6884)   8
DEBUG:root:(392.59, 184.6792, 404.16904, 191.6884)   16
DEBUG:root:(433.99, 184.6792, 445.56904000000003, 191.6884)   10
DEBUG:root:(475.42, 184.6792, 486.99904000000004, 191.6884)   10
DEBUG:root:(519.0, 184.6792, 526.6396000000001, 191.6884)   7
DEBUG:root:(560.42, 184.6792, 568.0596, 191.6884)   9
DEBUG:root:(601.85, 184.6792, 609.4896000000001, 191.6884)   6
DEBUG:root:(643.25, 184.6792, 650.8896000000001, 191.6884)   5
DEBUG:root:(684.67, 184.6792, 692.3096, 191.6884)   0
DEBUG:root:END ROW
DEBUG:root:START ROW
DEBUG:root:(83.928, 174.5992, 107.95728, 181.6084) Tabasco
DEBUG:root:(185.86, 174.5992, 202.096, 181.6084)   321
DEBUG:root:(229.06, 174.5992, 236.6996, 181.6084)   2
DEBUG:root:(268.32, 174.5992, 279.89904, 181.6084)   14
DEBUG:root:(309.74, 174.5992, 321.31904000000003, 181.6084)   10
DEBUG:root:(351.17, 174.5992, 362.74904000000004, 181.6084)   10
DEBUG:root:(392.59, 174.5992, 404.16904, 181.6084)   15
DEBUG:root:(433.99, 174.5992, 445.56904000000003, 181.6084)   10
DEBUG:root:(477.58, 174.5992, 485.21959999999996, 181.6084)   6
DEBUG:root:(516.84, 174.5992, 528.4190400000001, 181.6084)   38
DEBUG:root:(558.26, 174.5992, 569.8390400000001, 181.6084)   62
DEBUG:root:(599.69, 174.5992, 611.2690400000001, 181.6084)   81
DEBUG:root:(641.09, 174.5992, 652.6690400000001, 181.6084)   51
DEBUG:root:(682.51, 174.5992, 694.0890400000001, 181.6084)   22
DEBUG:root:END ROW
DEBUG:root:START ROW
DEBUG:root:(83.928, 164.51919999999998, 117.12071999999999, 171.52839999999998) Tamaulipas
DEBUG:root:(188.02, 164.51919999999998, 199.94752, 171.52839999999998)   85
DEBUG:root:(229.06, 164.51919999999998, 236.6996, 171.52839999999998)   4
DEBUG:root:(270.48, 164.51919999999998, 278.1196, 171.52839999999998)   7
DEBUG:root:(311.9, 164.51919999999998, 319.53959999999995, 171.52839999999998)   4
DEBUG:root:(353.33, 164.51919999999998, 360.96959999999996, 171.52839999999998)   5
DEBUG:root:(394.75, 164.51919999999998, 402.3896, 171.52839999999998)   5
DEBUG:root:(436.15, 164.51919999999998, 443.78959999999995, 171.52839999999998)   7
DEBUG:root:(475.42, 164.51919999999998, 486.99904000000004, 171.52839999999998)   12
DEBUG:root:(519.0, 164.51919999999998, 526.6396000000001, 171.52839999999998)   8
DEBUG:root:(558.26, 164.51919999999998, 569.8390400000001, 171.52839999999998)   14
DEBUG:root:(599.69, 164.51919999999998, 611.2690400000001, 171.52839999999998)   13
DEBUG:root:(643.25, 164.51919999999998, 650.8896000000001, 171.52839999999998)   5
DEBUG:root:(684.67, 164.51919999999998, 692.3096, 171.52839999999998)   1
DEBUG:root:END ROW
DEBUG:root:START ROW
DEBUG:root:(83.928, 154.4392, 108.24239999999999, 161.4484) Tlaxcala
DEBUG:root:(190.18, 154.4392, 197.8196, 161.4484)   0
DEBUG:root:(229.06, 154.4392, 236.6996, 161.4484)   0
DEBUG:root:(270.48, 154.4392, 278.1196, 161.4484)   0
DEBUG:root:(311.9, 154.4392, 319.53959999999995, 161.4484)   0
DEBUG:root:(353.33, 154.4392, 360.96959999999996, 161.4484)   0
DEBUG:root:(394.75, 154.4392, 402.3896, 161.4484)   0
DEBUG:root:(436.15, 154.4392, 443.78959999999995, 161.4484)   0
DEBUG:root:(477.58, 154.4392, 485.21959999999996, 161.4484)   0
DEBUG:root:(519.0, 154.4392, 526.6396000000001, 161.4484)   0
DEBUG:root:(560.42, 154.4392, 568.0596, 161.4484)   0
DEBUG:root:(601.85, 154.4392, 609.4896000000001, 161.4484)   0
DEBUG:root:(643.25, 154.4392, 650.8896000000001, 161.4484)   0
DEBUG:root:(684.67, 154.4392, 692.3096, 161.4484)   0
DEBUG:root:END ROW
DEBUG:root:START ROW
DEBUG:root:(83.928, 144.3292, 109.48583999999998, 151.33839999999998) Veracruz
DEBUG:root:(183.7, 144.3292, 204.24447999999998, 151.33839999999998)  1 257
DEBUG:root:(226.9, 144.3292, 238.47904, 151.33839999999998)   15
DEBUG:root:(268.32, 144.3292, 279.89904, 151.33839999999998)   13
DEBUG:root:(309.74, 144.3292, 321.31904000000003, 151.33839999999998)   16
DEBUG:root:(351.17, 144.3292, 362.74904000000004, 151.33839999999998)   18
DEBUG:root:(392.59, 144.3292, 404.16904, 151.33839999999998)   21
DEBUG:root:(433.99, 144.3292, 445.56904000000003, 151.33839999999998)   16
DEBUG:root:(475.42, 144.3292, 486.99904000000004, 151.33839999999998)   79
DEBUG:root:(515.04, 144.3292, 530.57904, 151.33839999999998)   154
DEBUG:root:(556.46, 144.3292, 571.99904, 151.33839999999998)   340
DEBUG:root:(597.89, 144.3292, 613.42904, 151.33839999999998)   316
DEBUG:root:(639.29, 144.3292, 654.82904, 151.33839999999998)   222
DEBUG:root:(682.51, 144.3292, 694.0890400000001, 151.33839999999998)   47
DEBUG:root:END ROW
DEBUG:root:START ROW
DEBUG:root:(83.928, 134.2492, 107.58503999999999, 141.2584) Yucatán
DEBUG:root:(183.7, 134.2492, 204.24447999999998, 141.2584)  5 366
DEBUG:root:(226.9, 134.2492, 238.47904, 141.2584)   47
DEBUG:root:(268.32, 134.2492, 279.89904, 141.2584)   24
DEBUG:root:(309.74, 134.2492, 321.31904000000003, 141.2584)   14
DEBUG:root:(353.33, 134.2492, 360.96959999999996, 141.2584)   9
DEBUG:root:(392.59, 134.2492, 404.16904, 141.2584)   16
DEBUG:root:(433.99, 134.2492, 445.56904000000003, 141.2584)   17
DEBUG:root:(475.42, 134.2492, 486.99904000000004, 141.2584)   45
DEBUG:root:(515.04, 134.2492, 530.57904, 141.2584)   173
DEBUG:root:(556.46, 134.2492, 571.99904, 141.2584)   855
DEBUG:root:(595.73, 134.2492, 615.22904, 141.2584)  1 970
DEBUG:root:(637.13, 134.2492, 656.62904, 141.2584)  1 506
DEBUG:root:(680.71, 134.2492, 696.24904, 141.2584)   690
DEBUG:root:END ROW
DEBUG:root:START ROW
DEBUG:root:(83.928, 124.16919999999999, 113.16864, 131.17839999999998) Zacatecas
DEBUG:root:(190.18, 124.16919999999999, 197.8196, 131.17839999999998)   0
DEBUG:root:(229.06, 124.16919999999999, 236.6996, 131.17839999999998)   0
DEBUG:root:(270.48, 124.16919999999999, 278.1196, 131.17839999999998)   0
DEBUG:root:(311.9, 124.16919999999999, 319.53959999999995, 131.17839999999998)   0
DEBUG:root:(353.33, 124.16919999999999, 360.96959999999996, 131.17839999999998)   0
DEBUG:root:(394.75, 124.16919999999999, 402.3896, 131.17839999999998)   0
DEBUG:root:(436.15, 124.16919999999999, 443.78959999999995, 131.17839999999998)   0
DEBUG:root:(477.58, 124.16919999999999, 485.21959999999996, 131.17839999999998)   0
DEBUG:root:(519.0, 124.16919999999999, 526.6396000000001, 131.17839999999998)   0
DEBUG:root:(560.42, 124.16919999999999, 568.0596, 131.17839999999998)   0
DEBUG:root:(601.85, 124.16919999999999, 609.4896000000001, 131.17839999999998)   0
DEBUG:root:(643.25, 124.16919999999999, 650.8896000000001, 131.17839999999998)   0
DEBUG:root:(684.67, 124.16919999999999, 692.3096, 131.17839999999998)   0
DEBUG:root:END ROW
DEBUG:root:START ROW
DEBUG:root:(83.928, 111.1892, 134.30712, 118.1984) TOTAL GLOBAL
DEBUG:root:(181.54, 111.1892, 206.39296, 118.1984)  15 424
DEBUG:root:(224.38, 111.1892, 240.61599999999999, 118.1984)   302
DEBUG:root:(265.8, 111.1892, 282.036, 118.1984)   303
DEBUG:root:(307.22, 111.1892, 323.456, 118.1984)   399
DEBUG:root:(348.65, 111.1892, 364.88599999999997, 118.1984)   385
DEBUG:root:(390.07, 111.1892, 406.306, 118.1984)   541
DEBUG:root:(431.47, 111.1892, 447.706, 118.1984)   561
DEBUG:root:(472.9, 111.1892, 489.13599999999997, 118.1984)   923
DEBUG:root:(512.16, 111.1892, 532.70448, 118.1984)  1 409
DEBUG:root:(553.58, 111.1892, 574.1244800000001, 118.1984)  2 505
DEBUG:root:(595.01, 111.1892, 615.55448, 118.1984)  4 101
DEBUG:root:(636.41, 111.1892, 656.95448, 118.1984)  2 928
DEBUG:root:(677.83, 111.1892, 698.3744800000001, 118.1984)  1 067
DEBUG:root:END ROW
DEBUG:root:START ROW
DEBUG:root:(83.928, 101.64200000000001, 292.6848000000001, 108.01400000000001) FUENTE: SUIVE/DGE/Secretaría de Salud/Estados Unidos Mexicanos-2011
DEBUG:root:END ROW
DEBUG:root:String table length: 1
